     1 00000000                                 [FORMAT "WCOFF"]
     2 00000000                                 [INSTRSET "i486p"]
     3 00000000                                 [OPTIMIZE 1]
     4 00000000                                 [OPTION 1]
     5 00000000                                 [BITS 32]
     6 00000000                                 	EXTERN	_io_out8
     7 00000000                                 	EXTERN	_io_in8
     8 00000000                                 	EXTERN	_fifo8_put
     9 00000000                                 [FILE "int.c"]
    10                                          [SECTION .text]
    11 00000000                                 	GLOBAL	_init_pic
    12 00000000                                 _init_pic:
    13 00000000 55                              	PUSH	EBP
    14 00000001 89 E5                           	MOV	EBP,ESP
    15 00000003 68 000000FF                     	PUSH	255
    16 00000008 6A 21                           	PUSH	33
    17 0000000A E8 [00000000]                   	CALL	_io_out8
    18 0000000F 68 000000FF                     	PUSH	255
    19 00000014 68 000000A1                     	PUSH	161
    20 00000019 E8 [00000000]                   	CALL	_io_out8
    21 0000001E 6A 11                           	PUSH	17
    22 00000020 6A 20                           	PUSH	32
    23 00000022 E8 [00000000]                   	CALL	_io_out8
    24 00000027 6A 20                           	PUSH	32
    25 00000029 6A 21                           	PUSH	33
    26 0000002B E8 [00000000]                   	CALL	_io_out8
    27 00000030 83 C4 20                        	ADD	ESP,32
    28 00000033 6A 04                           	PUSH	4
    29 00000035 6A 21                           	PUSH	33
    30 00000037 E8 [00000000]                   	CALL	_io_out8
    31 0000003C 6A 01                           	PUSH	1
    32 0000003E 6A 21                           	PUSH	33
    33 00000040 E8 [00000000]                   	CALL	_io_out8
    34 00000045 6A 11                           	PUSH	17
    35 00000047 68 000000A0                     	PUSH	160
    36 0000004C E8 [00000000]                   	CALL	_io_out8
    37 00000051 6A 28                           	PUSH	40
    38 00000053 68 000000A1                     	PUSH	161
    39 00000058 E8 [00000000]                   	CALL	_io_out8
    40 0000005D 83 C4 20                        	ADD	ESP,32
    41 00000060 6A 02                           	PUSH	2
    42 00000062 68 000000A1                     	PUSH	161
    43 00000067 E8 [00000000]                   	CALL	_io_out8
    44 0000006C 6A 01                           	PUSH	1
    45 0000006E 68 000000A1                     	PUSH	161
    46 00000073 E8 [00000000]                   	CALL	_io_out8
    47 00000078 68 000000FB                     	PUSH	251
    48 0000007D 6A 21                           	PUSH	33
    49 0000007F E8 [00000000]                   	CALL	_io_out8
    50 00000084 68 000000FF                     	PUSH	255
    51 00000089 68 000000A1                     	PUSH	161
    52 0000008E E8 [00000000]                   	CALL	_io_out8
    53 00000093 C9                              	LEAVE
    54 00000094 C3                              	RET
    55 00000095                                 	GLOBAL	_inthandler21
    56 00000095                                 _inthandler21:
    57 00000095 55                              	PUSH	EBP
    58 00000096 89 E5                           	MOV	EBP,ESP
    59 00000098 6A 61                           	PUSH	97
    60 0000009A 6A 20                           	PUSH	32
    61 0000009C E8 [00000000]                   	CALL	_io_out8
    62 000000A1 6A 60                           	PUSH	96
    63 000000A3 E8 [00000000]                   	CALL	_io_in8
    64 000000A8 0F B6 C0                        	MOVZX	EAX,AL
    65 000000AB 50                              	PUSH	EAX
    66 000000AC 68 [00000000]                   	PUSH	_keyfifo
    67 000000B1 E8 [00000000]                   	CALL	_fifo8_put
    68 000000B6 C9                              	LEAVE
    69 000000B7 C3                              	RET
    70 000000B8                                 	GLOBAL	_inthandler2c
    71 000000B8                                 _inthandler2c:
    72 000000B8 55                              	PUSH	EBP
    73 000000B9 89 E5                           	MOV	EBP,ESP
    74 000000BB 6A 64                           	PUSH	100
    75 000000BD 68 000000A0                     	PUSH	160
    76 000000C2 E8 [00000000]                   	CALL	_io_out8
    77 000000C7 6A 62                           	PUSH	98
    78 000000C9 6A 20                           	PUSH	32
    79 000000CB E8 [00000000]                   	CALL	_io_out8
    80 000000D0 6A 60                           	PUSH	96
    81 000000D2 E8 [00000000]                   	CALL	_io_in8
    82 000000D7 0F B6 C0                        	MOVZX	EAX,AL
    83 000000DA 50                              	PUSH	EAX
    84 000000DB 68 [00000020]                   	PUSH	_mousefifo
    85 000000E0 E8 [00000000]                   	CALL	_fifo8_put
    86 000000E5 C9                              	LEAVE
    87 000000E6 C3                              	RET
    88 000000E7                                 	GLOBAL	_inthandler27
    89 000000E7                                 _inthandler27:
    90 000000E7 55                              	PUSH	EBP
    91 000000E8 89 E5                           	MOV	EBP,ESP
    92 000000EA 6A 67                           	PUSH	103
    93 000000EC 6A 20                           	PUSH	32
    94 000000EE E8 [00000000]                   	CALL	_io_out8
    95 000000F3 C9                              	LEAVE
    96 000000F4 C3                              	RET
    97 000000F5                                 	GLOBAL	_keyfifo
    98                                          [SECTION .data]
    99 00000000                                 	ALIGNB	16
   100 00000000                                 _keyfifo:
   101 00000000 00 00 00 00 00 00 00 00 00 00   	RESB	24
       0000000A 00 00 00 00 00 00 00 00 00 00 
       00000014 00 00 00 00 
   102 00000018                                 	GLOBAL	_mousefifo
   103                                          [SECTION .data]
   104 00000018 00 00 00 00 00 00 00 00         	ALIGNB	16
   105 00000020                                 _mousefifo:
   106 00000020 00 00 00 00 00 00 00 00 00 00   	RESB	24
       0000002A 00 00 00 00 00 00 00 00 00 00 
       00000034 00 00 00 00 
