     1 00000000                                 [FORMAT "WCOFF"]
     2 00000000                                 [INSTRSET "i486p"]
     3 00000000                                 [OPTIMIZE 1]
     4 00000000                                 [OPTION 1]
     5 00000000                                 [BITS 32]
     6 00000000                                 	EXTERN	_io_hlt
     7 00000000                                 	EXTERN	_io_load_eflags
     8 00000000                                 	EXTERN	_io_cli
     9 00000000                                 	EXTERN	_io_out8
    10 00000000                                 	EXTERN	_io_store_eflags
    11 00000000                                 [FILE "bootpack.c"]
    12                                          [SECTION .text]
    13 00000000                                 	GLOBAL	_HariMain
    14 00000000                                 _HariMain:
    15 00000000 55                              	PUSH	EBP
    16 00000001 89 E5                           	MOV	EBP,ESP
    17 00000003 E8 00000064                     	CALL	_init_palette
    18 00000008 6A 78                           	PUSH	120
    19 0000000A 6A 78                           	PUSH	120
    20 0000000C 6A 14                           	PUSH	20
    21 0000000E 6A 14                           	PUSH	20
    22 00000010 6A 01                           	PUSH	1
    23 00000012 68 00000140                     	PUSH	320
    24 00000017 68 000A0000                     	PUSH	655360
    25 0000001C E8 000000E6                     	CALL	_boxfill8
    26 00000021 68 00000096                     	PUSH	150
    27 00000026 68 000000AA                     	PUSH	170
    28 0000002B 6A 32                           	PUSH	50
    29 0000002D 6A 46                           	PUSH	70
    30 0000002F 6A 02                           	PUSH	2
    31 00000031 68 00000140                     	PUSH	320
    32 00000036 68 000A0000                     	PUSH	655360
    33 0000003B E8 000000C7                     	CALL	_boxfill8
    34 00000040 83 C4 38                        	ADD	ESP,56
    35 00000043 68 000000B4                     	PUSH	180
    36 00000048 68 000000DC                     	PUSH	220
    37 0000004D 6A 50                           	PUSH	80
    38 0000004F 6A 78                           	PUSH	120
    39 00000051 6A 04                           	PUSH	4
    40 00000053 68 00000140                     	PUSH	320
    41 00000058 68 000A0000                     	PUSH	655360
    42 0000005D E8 000000A5                     	CALL	_boxfill8
    43 00000062 83 C4 1C                        	ADD	ESP,28
    44 00000065                                 L2:
    45 00000065 E8 [00000000]                   	CALL	_io_hlt
    46 0000006A EB F9                           	JMP	L2
    47                                          [SECTION .data]
    48 00000000                                 _table_rgb.0:
    49 00000000 00                              	DB	0
    50 00000001 00                              	DB	0
    51 00000002 00                              	DB	0
    52 00000003 FF                              	DB	-1
    53 00000004 00                              	DB	0
    54 00000005 00                              	DB	0
    55 00000006 00                              	DB	0
    56 00000007 FF                              	DB	-1
    57 00000008 00                              	DB	0
    58 00000009 FF                              	DB	-1
    59 0000000A FF                              	DB	-1
    60 0000000B 00                              	DB	0
    61 0000000C 00                              	DB	0
    62 0000000D 00                              	DB	0
    63 0000000E FF                              	DB	-1
    64 0000000F FF                              	DB	-1
    65 00000010 00                              	DB	0
    66 00000011 FF                              	DB	-1
    67 00000012 00                              	DB	0
    68 00000013 FF                              	DB	-1
    69 00000014 FF                              	DB	-1
    70 00000015 FF                              	DB	-1
    71 00000016 FF                              	DB	-1
    72 00000017 FF                              	DB	-1
    73 00000018 C6                              	DB	-58
    74 00000019 C6                              	DB	-58
    75 0000001A C6                              	DB	-58
    76 0000001B 84                              	DB	-124
    77 0000001C 00                              	DB	0
    78 0000001D 00                              	DB	0
    79 0000001E 00                              	DB	0
    80 0000001F 84                              	DB	-124
    81 00000020 00                              	DB	0
    82 00000021 84                              	DB	-124
    83 00000022 84                              	DB	-124
    84 00000023 00                              	DB	0
    85 00000024 00                              	DB	0
    86 00000025 00                              	DB	0
    87 00000026 84                              	DB	-124
    88 00000027 84                              	DB	-124
    89 00000028 00                              	DB	0
    90 00000029 84                              	DB	-124
    91 0000002A 00                              	DB	0
    92 0000002B 84                              	DB	-124
    93 0000002C 84                              	DB	-124
    94 0000002D 84                              	DB	-124
    95 0000002E 84                              	DB	-124
    96 0000002F 84                              	DB	-124
    97                                          [SECTION .text]
    98 0000006C                                 	GLOBAL	_init_palette
    99 0000006C                                 _init_palette:
   100 0000006C 55                              	PUSH	EBP
   101 0000006D 89 E5                           	MOV	EBP,ESP
   102 0000006F 68 [00000000]                   	PUSH	_table_rgb.0
   103 00000074 6A 0F                           	PUSH	15
   104 00000076 6A 00                           	PUSH	0
   105 00000078 E8 00000002                     	CALL	_set_palette
   106 0000007D C9                              	LEAVE
   107 0000007E C3                              	RET
   108 0000007F                                 	GLOBAL	_set_palette
   109 0000007F                                 _set_palette:
   110 0000007F 55                              	PUSH	EBP
   111 00000080 89 E5                           	MOV	EBP,ESP
   112 00000082 57                              	PUSH	EDI
   113 00000083 56                              	PUSH	ESI
   114 00000084 53                              	PUSH	EBX
   115 00000085 51                              	PUSH	ECX
   116 00000086 8B 5D 08                        	MOV	EBX,DWORD [8+EBP]
   117 00000089 8B 7D 0C                        	MOV	EDI,DWORD [12+EBP]
   118 0000008C 8B 75 10                        	MOV	ESI,DWORD [16+EBP]
   119 0000008F E8 [00000000]                   	CALL	_io_load_eflags
   120 00000094 89 45 F0                        	MOV	DWORD [-16+EBP],EAX
   121 00000097 E8 [00000000]                   	CALL	_io_cli
   122 0000009C 53                              	PUSH	EBX
   123 0000009D 68 000003C8                     	PUSH	968
   124 000000A2 E8 [00000000]                   	CALL	_io_out8
   125 000000A7 39 FB                           	CMP	EBX,EDI
   126 000000A9 58                              	POP	EAX
   127 000000AA 5A                              	POP	EDX
   128 000000AB 7E 12                           	JLE	L11
   129 000000AD                                 L13:
   130 000000AD 8B 45 F0                        	MOV	EAX,DWORD [-16+EBP]
   131 000000B0 89 45 08                        	MOV	DWORD [8+EBP],EAX
   132 000000B3 8D 65 F4                        	LEA	ESP,DWORD [-12+EBP]
   133 000000B6 5B                              	POP	EBX
   134 000000B7 5E                              	POP	ESI
   135 000000B8 5F                              	POP	EDI
   136 000000B9 5D                              	POP	EBP
   137 000000BA E9 [00000000]                   	JMP	_io_store_eflags
   138 000000BF                                 L11:
   139 000000BF 8A 06                           	MOV	AL,BYTE [ESI]
   140 000000C1 43                              	INC	EBX
   141 000000C2 C0 E8 02                        	SHR	AL,2
   142 000000C5 0F B6 C0                        	MOVZX	EAX,AL
   143 000000C8 50                              	PUSH	EAX
   144 000000C9 68 000003C9                     	PUSH	969
   145 000000CE E8 [00000000]                   	CALL	_io_out8
   146 000000D3 8A 46 01                        	MOV	AL,BYTE [1+ESI]
   147 000000D6 C0 E8 02                        	SHR	AL,2
   148 000000D9 0F B6 C0                        	MOVZX	EAX,AL
   149 000000DC 50                              	PUSH	EAX
   150 000000DD 68 000003C9                     	PUSH	969
   151 000000E2 E8 [00000000]                   	CALL	_io_out8
   152 000000E7 8A 46 02                        	MOV	AL,BYTE [2+ESI]
   153 000000EA C0 E8 02                        	SHR	AL,2
   154 000000ED 83 C6 03                        	ADD	ESI,3
   155 000000F0 0F B6 C0                        	MOVZX	EAX,AL
   156 000000F3 50                              	PUSH	EAX
   157 000000F4 68 000003C9                     	PUSH	969
   158 000000F9 E8 [00000000]                   	CALL	_io_out8
   159 000000FE 83 C4 18                        	ADD	ESP,24
   160 00000101 39 FB                           	CMP	EBX,EDI
   161 00000103 7E BA                           	JLE	L11
   162 00000105 EB A6                           	JMP	L13
   163 00000107                                 	GLOBAL	_boxfill8
   164 00000107                                 _boxfill8:
   165 00000107 55                              	PUSH	EBP
   166 00000108 89 E5                           	MOV	EBP,ESP
   167 0000010A 57                              	PUSH	EDI
   168 0000010B 56                              	PUSH	ESI
   169 0000010C 53                              	PUSH	EBX
   170 0000010D 57                              	PUSH	EDI
   171 0000010E 57                              	PUSH	EDI
   172 0000010F 8A 45 10                        	MOV	AL,BYTE [16+EBP]
   173 00000112 8B 4D 18                        	MOV	ECX,DWORD [24+EBP]
   174 00000115 8B 7D 1C                        	MOV	EDI,DWORD [28+EBP]
   175 00000118 88 45 F3                        	MOV	BYTE [-13+EBP],AL
   176 0000011B 3B 4D 20                        	CMP	ECX,DWORD [32+EBP]
   177 0000011E 7F 31                           	JG	L26
   178 00000120 8B 5D 0C                        	MOV	EBX,DWORD [12+EBP]
   179 00000123 0F AF D9                        	IMUL	EBX,ECX
   180 00000126                                 L24:
   181 00000126 8B 55 14                        	MOV	EDX,DWORD [20+EBP]
   182 00000129 39 FA                           	CMP	EDX,EDI
   183 0000012B 7F 1B                           	JG	L28
   184 0000012D 8B 75 08                        	MOV	ESI,DWORD [8+EBP]
   185 00000130 01 DE                           	ADD	ESI,EBX
   186 00000132 01 D6                           	ADD	ESI,EDX
   187 00000134 89 75 EC                        	MOV	DWORD [-20+EBP],ESI
   188 00000137                                 L23:
   189 00000137 8B 75 EC                        	MOV	ESI,DWORD [-20+EBP]
   190 0000013A 8A 45 F3                        	MOV	AL,BYTE [-13+EBP]
   191 0000013D 42                              	INC	EDX
   192 0000013E 88 06                           	MOV	BYTE [ESI],AL
   193 00000140 46                              	INC	ESI
   194 00000141 89 75 EC                        	MOV	DWORD [-20+EBP],ESI
   195 00000144 39 FA                           	CMP	EDX,EDI
   196 00000146 7E EF                           	JLE	L23
   197 00000148                                 L28:
   198 00000148 41                              	INC	ECX
   199 00000149 03 5D 0C                        	ADD	EBX,DWORD [12+EBP]
   200 0000014C 3B 4D 20                        	CMP	ECX,DWORD [32+EBP]
   201 0000014F 7E D5                           	JLE	L24
   202 00000151                                 L26:
   203 00000151 5B                              	POP	EBX
   204 00000152 5E                              	POP	ESI
   205 00000153 5B                              	POP	EBX
   206 00000154 5E                              	POP	ESI
   207 00000155 5F                              	POP	EDI
   208 00000156 5D                              	POP	EBP
   209 00000157 C3                              	RET
