     1 00000000                                 [FORMAT "WCOFF"]
     2 00000000                                 [INSTRSET "i486p"]
     3 00000000                                 [OPTIMIZE 1]
     4 00000000                                 [OPTION 1]
     5 00000000                                 [BITS 32]
     6 00000000                                 	EXTERN	_init_gdtidt
     7 00000000                                 	EXTERN	_init_pic
     8 00000000                                 	EXTERN	_io_sti
     9 00000000                                 	EXTERN	_keyfifo
    10 00000000                                 	EXTERN	_fifo8_init
    11 00000000                                 	EXTERN	_io_out8
    12 00000000                                 	EXTERN	_init_palette
    13 00000000                                 	EXTERN	_init_screen8
    14 00000000                                 	EXTERN	_init_mouse_cursor8
    15 00000000                                 	EXTERN	_putblock8_8
    16 00000000                                 	EXTERN	_sprintf
    17 00000000                                 	EXTERN	_putfonts8_asc
    18 00000000                                 	EXTERN	_io_cli
    19 00000000                                 	EXTERN	_fifo8_status
    20 00000000                                 	EXTERN	_fifo8_get
    21 00000000                                 	EXTERN	_boxfill8
    22 00000000                                 	EXTERN	_io_stihlt
    23 00000000                                 [FILE "bootpack.c"]
    24                                          [SECTION .data]
    25 00000000                                 LC0:
    26 00000000 28 25 64 2C 20 25 64 29 00      	DB	"(%d, %d)",0x00
    27 00000009                                 LC1:
    28 00000009 25 30 32 58 00                  	DB	"%02X",0x00
    29                                          [SECTION .text]
    30 00000000                                 	GLOBAL	_HariMain
    31 00000000                                 _HariMain:
    32 00000000 55                              	PUSH	EBP
    33 00000001 89 E5                           	MOV	EBP,ESP
    34 00000003 57                              	PUSH	EDI
    35 00000004 56                              	PUSH	ESI
    36 00000005 53                              	PUSH	EBX
    37 00000006 8D 9D FFFFFEC4                  	LEA	EBX,DWORD [-316+EBP]
    38 0000000C 81 EC 00000150                  	SUB	ESP,336
    39 00000012 E8 [00000000]                   	CALL	_init_gdtidt
    40 00000017 E8 [00000000]                   	CALL	_init_pic
    41 0000001C E8 [00000000]                   	CALL	_io_sti
    42 00000021 8D 85 FFFFFEA4                  	LEA	EAX,DWORD [-348+EBP]
    43 00000027 50                              	PUSH	EAX
    44 00000028 6A 20                           	PUSH	32
    45 0000002A 68 [00000000]                   	PUSH	_keyfifo
    46 0000002F E8 [00000000]                   	CALL	_fifo8_init
    47 00000034 68 000000F9                     	PUSH	249
    48 00000039 6A 21                           	PUSH	33
    49 0000003B E8 [00000000]                   	CALL	_io_out8
    50 00000040 68 000000EF                     	PUSH	239
    51 00000045 68 000000A1                     	PUSH	161
    52 0000004A E8 [00000000]                   	CALL	_io_out8
    53 0000004F E8 [00000000]                   	CALL	_init_palette
    54 00000054 0F BF 05 00000FF6               	MOVSX	EAX,WORD [4086]
    55 0000005B 50                              	PUSH	EAX
    56 0000005C 0F BF 05 00000FF4               	MOVSX	EAX,WORD [4084]
    57 00000063 50                              	PUSH	EAX
    58 00000064 FF 35 00000FF8                  	PUSH	DWORD [4088]
    59 0000006A E8 [00000000]                   	CALL	_init_screen8
    60 0000006F 83 C4 28                        	ADD	ESP,40
    61 00000072 0F BF 05 00000FF4               	MOVSX	EAX,WORD [4084]
    62 00000079 B9 00000002                     	MOV	ECX,2
    63 0000007E 8D 50 F0                        	LEA	EDX,DWORD [-16+EAX]
    64 00000081 89 D0                           	MOV	EAX,EDX
    65 00000083 99                              	CDQ
    66 00000084 F7 F9                           	IDIV	ECX
    67 00000086 0F BF 15 00000FF6               	MOVSX	EDX,WORD [4086]
    68 0000008D 83 EA 2C                        	SUB	EDX,44
    69 00000090 89 C7                           	MOV	EDI,EAX
    70 00000092 89 D0                           	MOV	EAX,EDX
    71 00000094 6A 0E                           	PUSH	14
    72 00000096 99                              	CDQ
    73 00000097 F7 F9                           	IDIV	ECX
    74 00000099 53                              	PUSH	EBX
    75 0000009A 89 C6                           	MOV	ESI,EAX
    76 0000009C E8 [00000000]                   	CALL	_init_mouse_cursor8
    77 000000A1 6A 10                           	PUSH	16
    78 000000A3 53                              	PUSH	EBX
    79 000000A4 8D 5D C4                        	LEA	EBX,DWORD [-60+EBP]
    80 000000A7 56                              	PUSH	ESI
    81 000000A8 57                              	PUSH	EDI
    82 000000A9 6A 10                           	PUSH	16
    83 000000AB 6A 10                           	PUSH	16
    84 000000AD 0F BF 05 00000FF4               	MOVSX	EAX,WORD [4084]
    85 000000B4 50                              	PUSH	EAX
    86 000000B5 FF 35 00000FF8                  	PUSH	DWORD [4088]
    87 000000BB E8 [00000000]                   	CALL	_putblock8_8
    88 000000C0 83 C4 28                        	ADD	ESP,40
    89 000000C3 56                              	PUSH	ESI
    90 000000C4 57                              	PUSH	EDI
    91 000000C5 68 [00000000]                   	PUSH	LC0
    92 000000CA 53                              	PUSH	EBX
    93 000000CB E8 [00000000]                   	CALL	_sprintf
    94 000000D0 53                              	PUSH	EBX
    95 000000D1 6A 07                           	PUSH	7
    96 000000D3 6A 00                           	PUSH	0
    97 000000D5 6A 00                           	PUSH	0
    98 000000D7 0F BF 05 00000FF4               	MOVSX	EAX,WORD [4084]
    99 000000DE 50                              	PUSH	EAX
   100 000000DF FF 35 00000FF8                  	PUSH	DWORD [4088]
   101 000000E5 E8 [00000000]                   	CALL	_putfonts8_asc
   102 000000EA 83 C4 28                        	ADD	ESP,40
   103 000000ED                                 L2:
   104 000000ED E8 [00000000]                   	CALL	_io_cli
   105 000000F2 68 [00000000]                   	PUSH	_keyfifo
   106 000000F7 E8 [00000000]                   	CALL	_fifo8_status
   107 000000FC 5A                              	POP	EDX
   108 000000FD 85 C0                           	TEST	EAX,EAX
   109 000000FF 74 5F                           	JE	L7
   110 00000101 68 [00000000]                   	PUSH	_keyfifo
   111 00000106 E8 [00000000]                   	CALL	_fifo8_get
   112 0000010B 89 C3                           	MOV	EBX,EAX
   113 0000010D E8 [00000000]                   	CALL	_io_sti
   114 00000112 53                              	PUSH	EBX
   115 00000113 8D 5D C4                        	LEA	EBX,DWORD [-60+EBP]
   116 00000116 68 [00000009]                   	PUSH	LC1
   117 0000011B 53                              	PUSH	EBX
   118 0000011C E8 [00000000]                   	CALL	_sprintf
   119 00000121 6A 1F                           	PUSH	31
   120 00000123 6A 0F                           	PUSH	15
   121 00000125 6A 10                           	PUSH	16
   122 00000127 6A 00                           	PUSH	0
   123 00000129 6A 0E                           	PUSH	14
   124 0000012B 0F BF 05 00000FF4               	MOVSX	EAX,WORD [4084]
   125 00000132 50                              	PUSH	EAX
   126 00000133 FF 35 00000FF8                  	PUSH	DWORD [4088]
   127 00000139 E8 [00000000]                   	CALL	_boxfill8
   128 0000013E 83 C4 2C                        	ADD	ESP,44
   129 00000141 53                              	PUSH	EBX
   130 00000142 6A 07                           	PUSH	7
   131 00000144 6A 10                           	PUSH	16
   132 00000146 6A 00                           	PUSH	0
   133 00000148 0F BF 05 00000FF4               	MOVSX	EAX,WORD [4084]
   134 0000014F 50                              	PUSH	EAX
   135 00000150 FF 35 00000FF8                  	PUSH	DWORD [4088]
   136 00000156 E8 [00000000]                   	CALL	_putfonts8_asc
   137 0000015B 83 C4 18                        	ADD	ESP,24
   138 0000015E EB 8D                           	JMP	L2
   139 00000160                                 L7:
   140 00000160 E8 [00000000]                   	CALL	_io_stihlt
   141 00000165 EB 86                           	JMP	L2
