     1 00000000                                 [FORMAT "WCOFF"]
     2 00000000                                 [INSTRSET "i486p"]
     3 00000000                                 [OPTIMIZE 1]
     4 00000000                                 [OPTION 1]
     5 00000000                                 [BITS 32]
     6 00000000                                 	EXTERN	_io_out8
     7 00000000                                 	EXTERN	_io_in8
     8 00000000                                 	EXTERN	_fifo8_put
     9 00000000                                 	EXTERN	_boxfill8
    10 00000000                                 	EXTERN	_putfonts8_asc
    11 00000000                                 	EXTERN	_io_hlt
    12 00000000                                 [FILE "int.c"]
    13                                          [SECTION .text]
    14 00000000                                 	GLOBAL	_init_pic
    15 00000000                                 _init_pic:
    16 00000000 55                              	PUSH	EBP
    17 00000001 89 E5                           	MOV	EBP,ESP
    18 00000003 68 000000FF                     	PUSH	255
    19 00000008 6A 21                           	PUSH	33
    20 0000000A E8 [00000000]                   	CALL	_io_out8
    21 0000000F 68 000000FF                     	PUSH	255
    22 00000014 68 000000A1                     	PUSH	161
    23 00000019 E8 [00000000]                   	CALL	_io_out8
    24 0000001E 6A 11                           	PUSH	17
    25 00000020 6A 20                           	PUSH	32
    26 00000022 E8 [00000000]                   	CALL	_io_out8
    27 00000027 6A 20                           	PUSH	32
    28 00000029 6A 21                           	PUSH	33
    29 0000002B E8 [00000000]                   	CALL	_io_out8
    30 00000030 83 C4 20                        	ADD	ESP,32
    31 00000033 6A 04                           	PUSH	4
    32 00000035 6A 21                           	PUSH	33
    33 00000037 E8 [00000000]                   	CALL	_io_out8
    34 0000003C 6A 01                           	PUSH	1
    35 0000003E 6A 21                           	PUSH	33
    36 00000040 E8 [00000000]                   	CALL	_io_out8
    37 00000045 6A 11                           	PUSH	17
    38 00000047 68 000000A0                     	PUSH	160
    39 0000004C E8 [00000000]                   	CALL	_io_out8
    40 00000051 6A 28                           	PUSH	40
    41 00000053 68 000000A1                     	PUSH	161
    42 00000058 E8 [00000000]                   	CALL	_io_out8
    43 0000005D 83 C4 20                        	ADD	ESP,32
    44 00000060 6A 02                           	PUSH	2
    45 00000062 68 000000A1                     	PUSH	161
    46 00000067 E8 [00000000]                   	CALL	_io_out8
    47 0000006C 6A 01                           	PUSH	1
    48 0000006E 68 000000A1                     	PUSH	161
    49 00000073 E8 [00000000]                   	CALL	_io_out8
    50 00000078 68 000000FB                     	PUSH	251
    51 0000007D 6A 21                           	PUSH	33
    52 0000007F E8 [00000000]                   	CALL	_io_out8
    53 00000084 68 000000FF                     	PUSH	255
    54 00000089 68 000000A1                     	PUSH	161
    55 0000008E E8 [00000000]                   	CALL	_io_out8
    56 00000093 C9                              	LEAVE
    57 00000094 C3                              	RET
    58 00000095                                 	GLOBAL	_inthandler21
    59 00000095                                 _inthandler21:
    60 00000095 55                              	PUSH	EBP
    61 00000096 89 E5                           	MOV	EBP,ESP
    62 00000098 6A 61                           	PUSH	97
    63 0000009A 6A 20                           	PUSH	32
    64 0000009C E8 [00000000]                   	CALL	_io_out8
    65 000000A1 6A 60                           	PUSH	96
    66 000000A3 E8 [00000000]                   	CALL	_io_in8
    67 000000A8 0F B6 C0                        	MOVZX	EAX,AL
    68 000000AB 50                              	PUSH	EAX
    69 000000AC 68 [00000020]                   	PUSH	_keyfifo
    70 000000B1 E8 [00000000]                   	CALL	_fifo8_put
    71 000000B6 C9                              	LEAVE
    72 000000B7 C3                              	RET
    73                                          [SECTION .data]
    74 00000000                                 LC0:
    75 00000000 49 4E 54 20 32 43 20 28 49 52   	DB	"INT 2C (IRQ-12) : PS/2 mouse",0x00
       0000000A 51 2D 31 32 29 20 3A 20 50 53 
       00000014 2F 32 20 6D 6F 75 73 65 00 
    76                                          [SECTION .text]
    77 000000B8                                 	GLOBAL	_inthandler2c
    78 000000B8                                 _inthandler2c:
    79 000000B8 55                              	PUSH	EBP
    80 000000B9 89 E5                           	MOV	EBP,ESP
    81 000000BB 6A 0F                           	PUSH	15
    82 000000BD 68 000000FF                     	PUSH	255
    83 000000C2 6A 00                           	PUSH	0
    84 000000C4 6A 00                           	PUSH	0
    85 000000C6 6A 00                           	PUSH	0
    86 000000C8 0F BF 05 00000FF4               	MOVSX	EAX,WORD [4084]
    87 000000CF 50                              	PUSH	EAX
    88 000000D0 FF 35 00000FF8                  	PUSH	DWORD [4088]
    89 000000D6 E8 [00000000]                   	CALL	_boxfill8
    90 000000DB 68 [00000000]                   	PUSH	LC0
    91 000000E0 6A 07                           	PUSH	7
    92 000000E2 6A 00                           	PUSH	0
    93 000000E4 6A 00                           	PUSH	0
    94 000000E6 0F BF 05 00000FF4               	MOVSX	EAX,WORD [4084]
    95 000000ED 50                              	PUSH	EAX
    96 000000EE FF 35 00000FF8                  	PUSH	DWORD [4088]
    97 000000F4 E8 [00000000]                   	CALL	_putfonts8_asc
    98 000000F9 83 C4 34                        	ADD	ESP,52
    99 000000FC                                 L4:
   100 000000FC E8 [00000000]                   	CALL	_io_hlt
   101 00000101 EB F9                           	JMP	L4
   102 00000103                                 	GLOBAL	_inthandler27
   103 00000103                                 _inthandler27:
   104 00000103 55                              	PUSH	EBP
   105 00000104 89 E5                           	MOV	EBP,ESP
   106 00000106 6A 67                           	PUSH	103
   107 00000108 6A 20                           	PUSH	32
   108 0000010A E8 [00000000]                   	CALL	_io_out8
   109 0000010F C9                              	LEAVE
   110 00000110 C3                              	RET
   111 00000111                                 	GLOBAL	_keyfifo
   112                                          [SECTION .data]
   113 0000001D 00 00 00                        	ALIGNB	16
   114 00000020                                 _keyfifo:
   115 00000020 00 00 00 00 00 00 00 00 00 00   	RESB	24
       0000002A 00 00 00 00 00 00 00 00 00 00 
       00000034 00 00 00 00 
