     1 00000000                                 [FORMAT "WCOFF"]
     2 00000000                                 [INSTRSET "i486p"]
     3 00000000                                 [OPTIMIZE 1]
     4 00000000                                 [OPTION 1]
     5 00000000                                 [BITS 32]
     6 00000000                                 	EXTERN	_sprintf
     7 00000000                                 	EXTERN	_io_hlt
     8 00000000                                 	EXTERN	_io_load_eflags
     9 00000000                                 	EXTERN	_io_cli
    10 00000000                                 	EXTERN	_io_out8
    11 00000000                                 	EXTERN	_io_store_eflags
    12 00000000                                 	EXTERN	_hankaku
    13 00000000                                 [FILE "bootpack.c"]
    14                                          [SECTION .data]
    15 00000000                                 LC0:
    16 00000000 41 42 43 20 31 32 33 00         	DB	"ABC 123",0x00
    17 00000008                                 LC1:
    18 00000008 48 61 72 69 62 6F 74 65 20 4F   	DB	"Haribote OS.",0x00
       00000012 53 2E 00 
    19 00000015                                 LC2:
    20 00000015 73 63 72 6E 78 20 3D 20 25 64   	DB	"scrnx = %d",0x00
       0000001F 00 
    21                                          [SECTION .text]
    22 00000000                                 	GLOBAL	_HariMain
    23 00000000                                 _HariMain:
    24 00000000 55                              	PUSH	EBP
    25 00000001 89 E5                           	MOV	EBP,ESP
    26 00000003 53                              	PUSH	EBX
    27 00000004 83 EC 30                        	SUB	ESP,48
    28 00000007 8D 5D CC                        	LEA	EBX,DWORD [-52+EBP]
    29 0000000A E8 000000AC                     	CALL	_init_palette
    30 0000000F 0F BF 05 00000FF6               	MOVSX	EAX,WORD [4086]
    31 00000016 50                              	PUSH	EAX
    32 00000017 0F BF 05 00000FF4               	MOVSX	EAX,WORD [4084]
    33 0000001E 50                              	PUSH	EAX
    34 0000001F FF 35 00000FF8                  	PUSH	DWORD [4088]
    35 00000025 E8 0000017D                     	CALL	_init_screen
    36 0000002A 68 [00000000]                   	PUSH	LC0
    37 0000002F 6A 07                           	PUSH	7
    38 00000031 6A 08                           	PUSH	8
    39 00000033 6A 08                           	PUSH	8
    40 00000035 0F BF 05 00000FF4               	MOVSX	EAX,WORD [4084]
    41 0000003C 50                              	PUSH	EAX
    42 0000003D FF 35 00000FF8                  	PUSH	DWORD [4088]
    43 00000043 E8 00000370                     	CALL	_putfonts8_asc
    44 00000048 83 C4 24                        	ADD	ESP,36
    45 0000004B 68 [00000008]                   	PUSH	LC1
    46 00000050 6A 00                           	PUSH	0
    47 00000052 6A 1F                           	PUSH	31
    48 00000054 6A 1F                           	PUSH	31
    49 00000056 0F BF 05 00000FF4               	MOVSX	EAX,WORD [4084]
    50 0000005D 50                              	PUSH	EAX
    51 0000005E FF 35 00000FF8                  	PUSH	DWORD [4088]
    52 00000064 E8 0000034F                     	CALL	_putfonts8_asc
    53 00000069 68 [00000008]                   	PUSH	LC1
    54 0000006E 6A 07                           	PUSH	7
    55 00000070 6A 1E                           	PUSH	30
    56 00000072 6A 1E                           	PUSH	30
    57 00000074 0F BF 05 00000FF4               	MOVSX	EAX,WORD [4084]
    58 0000007B 50                              	PUSH	EAX
    59 0000007C FF 35 00000FF8                  	PUSH	DWORD [4088]
    60 00000082 E8 00000331                     	CALL	_putfonts8_asc
    61 00000087 83 C4 30                        	ADD	ESP,48
    62 0000008A 6A 7B                           	PUSH	123
    63 0000008C 68 [00000015]                   	PUSH	LC2
    64 00000091 53                              	PUSH	EBX
    65 00000092 E8 [00000000]                   	CALL	_sprintf
    66 00000097 53                              	PUSH	EBX
    67 00000098 6A 07                           	PUSH	7
    68 0000009A 6A 40                           	PUSH	64
    69 0000009C 6A 10                           	PUSH	16
    70 0000009E 0F BF 05 00000FF4               	MOVSX	EAX,WORD [4084]
    71 000000A5 50                              	PUSH	EAX
    72 000000A6 FF 35 00000FF8                  	PUSH	DWORD [4088]
    73 000000AC E8 00000307                     	CALL	_putfonts8_asc
    74 000000B1 83 C4 24                        	ADD	ESP,36
    75 000000B4                                 L2:
    76 000000B4 E8 [00000000]                   	CALL	_io_hlt
    77 000000B9 EB F9                           	JMP	L2
    78                                          [SECTION .data]
    79 00000020                                 _table_rgb.0:
    80 00000020 00                              	DB	0
    81 00000021 00                              	DB	0
    82 00000022 00                              	DB	0
    83 00000023 FF                              	DB	-1
    84 00000024 00                              	DB	0
    85 00000025 00                              	DB	0
    86 00000026 00                              	DB	0
    87 00000027 FF                              	DB	-1
    88 00000028 00                              	DB	0
    89 00000029 FF                              	DB	-1
    90 0000002A FF                              	DB	-1
    91 0000002B 00                              	DB	0
    92 0000002C 00                              	DB	0
    93 0000002D 00                              	DB	0
    94 0000002E FF                              	DB	-1
    95 0000002F FF                              	DB	-1
    96 00000030 00                              	DB	0
    97 00000031 FF                              	DB	-1
    98 00000032 00                              	DB	0
    99 00000033 FF                              	DB	-1
   100 00000034 FF                              	DB	-1
   101 00000035 FF                              	DB	-1
   102 00000036 FF                              	DB	-1
   103 00000037 FF                              	DB	-1
   104 00000038 C6                              	DB	-58
   105 00000039 C6                              	DB	-58
   106 0000003A C6                              	DB	-58
   107 0000003B 84                              	DB	-124
   108 0000003C 00                              	DB	0
   109 0000003D 00                              	DB	0
   110 0000003E 00                              	DB	0
   111 0000003F 84                              	DB	-124
   112 00000040 00                              	DB	0
   113 00000041 84                              	DB	-124
   114 00000042 84                              	DB	-124
   115 00000043 00                              	DB	0
   116 00000044 00                              	DB	0
   117 00000045 00                              	DB	0
   118 00000046 84                              	DB	-124
   119 00000047 84                              	DB	-124
   120 00000048 00                              	DB	0
   121 00000049 84                              	DB	-124
   122 0000004A 00                              	DB	0
   123 0000004B 84                              	DB	-124
   124 0000004C 84                              	DB	-124
   125 0000004D 84                              	DB	-124
   126 0000004E 84                              	DB	-124
   127 0000004F 84                              	DB	-124
   128                                          [SECTION .text]
   129 000000BB                                 	GLOBAL	_init_palette
   130 000000BB                                 _init_palette:
   131 000000BB 55                              	PUSH	EBP
   132 000000BC 89 E5                           	MOV	EBP,ESP
   133 000000BE 68 [00000020]                   	PUSH	_table_rgb.0
   134 000000C3 6A 0F                           	PUSH	15
   135 000000C5 6A 00                           	PUSH	0
   136 000000C7 E8 00000002                     	CALL	_set_palette
   137 000000CC C9                              	LEAVE
   138 000000CD C3                              	RET
   139 000000CE                                 	GLOBAL	_set_palette
   140 000000CE                                 _set_palette:
   141 000000CE 55                              	PUSH	EBP
   142 000000CF 89 E5                           	MOV	EBP,ESP
   143 000000D1 57                              	PUSH	EDI
   144 000000D2 56                              	PUSH	ESI
   145 000000D3 53                              	PUSH	EBX
   146 000000D4 51                              	PUSH	ECX
   147 000000D5 8B 5D 08                        	MOV	EBX,DWORD [8+EBP]
   148 000000D8 8B 7D 0C                        	MOV	EDI,DWORD [12+EBP]
   149 000000DB 8B 75 10                        	MOV	ESI,DWORD [16+EBP]
   150 000000DE E8 [00000000]                   	CALL	_io_load_eflags
   151 000000E3 89 45 F0                        	MOV	DWORD [-16+EBP],EAX
   152 000000E6 E8 [00000000]                   	CALL	_io_cli
   153 000000EB 53                              	PUSH	EBX
   154 000000EC 68 000003C8                     	PUSH	968
   155 000000F1 E8 [00000000]                   	CALL	_io_out8
   156 000000F6 39 FB                           	CMP	EBX,EDI
   157 000000F8 58                              	POP	EAX
   158 000000F9 5A                              	POP	EDX
   159 000000FA 7E 12                           	JLE	L11
   160 000000FC                                 L13:
   161 000000FC 8B 45 F0                        	MOV	EAX,DWORD [-16+EBP]
   162 000000FF 89 45 08                        	MOV	DWORD [8+EBP],EAX
   163 00000102 8D 65 F4                        	LEA	ESP,DWORD [-12+EBP]
   164 00000105 5B                              	POP	EBX
   165 00000106 5E                              	POP	ESI
   166 00000107 5F                              	POP	EDI
   167 00000108 5D                              	POP	EBP
   168 00000109 E9 [00000000]                   	JMP	_io_store_eflags
   169 0000010E                                 L11:
   170 0000010E 8A 06                           	MOV	AL,BYTE [ESI]
   171 00000110 43                              	INC	EBX
   172 00000111 C0 E8 02                        	SHR	AL,2
   173 00000114 0F B6 C0                        	MOVZX	EAX,AL
   174 00000117 50                              	PUSH	EAX
   175 00000118 68 000003C9                     	PUSH	969
   176 0000011D E8 [00000000]                   	CALL	_io_out8
   177 00000122 8A 46 01                        	MOV	AL,BYTE [1+ESI]
   178 00000125 C0 E8 02                        	SHR	AL,2
   179 00000128 0F B6 C0                        	MOVZX	EAX,AL
   180 0000012B 50                              	PUSH	EAX
   181 0000012C 68 000003C9                     	PUSH	969
   182 00000131 E8 [00000000]                   	CALL	_io_out8
   183 00000136 8A 46 02                        	MOV	AL,BYTE [2+ESI]
   184 00000139 C0 E8 02                        	SHR	AL,2
   185 0000013C 83 C6 03                        	ADD	ESI,3
   186 0000013F 0F B6 C0                        	MOVZX	EAX,AL
   187 00000142 50                              	PUSH	EAX
   188 00000143 68 000003C9                     	PUSH	969
   189 00000148 E8 [00000000]                   	CALL	_io_out8
   190 0000014D 83 C4 18                        	ADD	ESP,24
   191 00000150 39 FB                           	CMP	EBX,EDI
   192 00000152 7E BA                           	JLE	L11
   193 00000154 EB A6                           	JMP	L13
   194 00000156                                 	GLOBAL	_boxfill8
   195 00000156                                 _boxfill8:
   196 00000156 55                              	PUSH	EBP
   197 00000157 89 E5                           	MOV	EBP,ESP
   198 00000159 57                              	PUSH	EDI
   199 0000015A 56                              	PUSH	ESI
   200 0000015B 53                              	PUSH	EBX
   201 0000015C 57                              	PUSH	EDI
   202 0000015D 57                              	PUSH	EDI
   203 0000015E 8A 45 10                        	MOV	AL,BYTE [16+EBP]
   204 00000161 8B 4D 18                        	MOV	ECX,DWORD [24+EBP]
   205 00000164 8B 7D 1C                        	MOV	EDI,DWORD [28+EBP]
   206 00000167 88 45 F3                        	MOV	BYTE [-13+EBP],AL
   207 0000016A 3B 4D 20                        	CMP	ECX,DWORD [32+EBP]
   208 0000016D 7F 31                           	JG	L26
   209 0000016F 8B 5D 0C                        	MOV	EBX,DWORD [12+EBP]
   210 00000172 0F AF D9                        	IMUL	EBX,ECX
   211 00000175                                 L24:
   212 00000175 8B 55 14                        	MOV	EDX,DWORD [20+EBP]
   213 00000178 39 FA                           	CMP	EDX,EDI
   214 0000017A 7F 1B                           	JG	L28
   215 0000017C 8B 75 08                        	MOV	ESI,DWORD [8+EBP]
   216 0000017F 01 DE                           	ADD	ESI,EBX
   217 00000181 01 D6                           	ADD	ESI,EDX
   218 00000183 89 75 EC                        	MOV	DWORD [-20+EBP],ESI
   219 00000186                                 L23:
   220 00000186 8B 75 EC                        	MOV	ESI,DWORD [-20+EBP]
   221 00000189 8A 45 F3                        	MOV	AL,BYTE [-13+EBP]
   222 0000018C 42                              	INC	EDX
   223 0000018D 88 06                           	MOV	BYTE [ESI],AL
   224 0000018F 46                              	INC	ESI
   225 00000190 89 75 EC                        	MOV	DWORD [-20+EBP],ESI
   226 00000193 39 FA                           	CMP	EDX,EDI
   227 00000195 7E EF                           	JLE	L23
   228 00000197                                 L28:
   229 00000197 41                              	INC	ECX
   230 00000198 03 5D 0C                        	ADD	EBX,DWORD [12+EBP]
   231 0000019B 3B 4D 20                        	CMP	ECX,DWORD [32+EBP]
   232 0000019E 7E D5                           	JLE	L24
   233 000001A0                                 L26:
   234 000001A0 5B                              	POP	EBX
   235 000001A1 5E                              	POP	ESI
   236 000001A2 5B                              	POP	EBX
   237 000001A3 5E                              	POP	ESI
   238 000001A4 5F                              	POP	EDI
   239 000001A5 5D                              	POP	EBP
   240 000001A6 C3                              	RET
   241 000001A7                                 	GLOBAL	_init_screen
   242 000001A7                                 _init_screen:
   243 000001A7 55                              	PUSH	EBP
   244 000001A8 89 E5                           	MOV	EBP,ESP
   245 000001AA 57                              	PUSH	EDI
   246 000001AB 56                              	PUSH	ESI
   247 000001AC 53                              	PUSH	EBX
   248 000001AD 83 EC 0C                        	SUB	ESP,12
   249 000001B0 8B 45 10                        	MOV	EAX,DWORD [16+EBP]
   250 000001B3 8B 7D 0C                        	MOV	EDI,DWORD [12+EBP]
   251 000001B6 83 E8 1D                        	SUB	EAX,29
   252 000001B9 4F                              	DEC	EDI
   253 000001BA 50                              	PUSH	EAX
   254 000001BB 57                              	PUSH	EDI
   255 000001BC 6A 00                           	PUSH	0
   256 000001BE 6A 00                           	PUSH	0
   257 000001C0 6A 0E                           	PUSH	14
   258 000001C2 FF 75 0C                        	PUSH	DWORD [12+EBP]
   259 000001C5 FF 75 08                        	PUSH	DWORD [8+EBP]
   260 000001C8 E8 FFFFFF89                     	CALL	_boxfill8
   261 000001CD 8B 45 10                        	MOV	EAX,DWORD [16+EBP]
   262 000001D0 83 E8 1C                        	SUB	EAX,28
   263 000001D3 50                              	PUSH	EAX
   264 000001D4 57                              	PUSH	EDI
   265 000001D5 50                              	PUSH	EAX
   266 000001D6 6A 00                           	PUSH	0
   267 000001D8 6A 08                           	PUSH	8
   268 000001DA FF 75 0C                        	PUSH	DWORD [12+EBP]
   269 000001DD FF 75 08                        	PUSH	DWORD [8+EBP]
   270 000001E0 E8 FFFFFF71                     	CALL	_boxfill8
   271 000001E5 8B 45 10                        	MOV	EAX,DWORD [16+EBP]
   272 000001E8 83 C4 38                        	ADD	ESP,56
   273 000001EB 83 E8 1B                        	SUB	EAX,27
   274 000001EE 50                              	PUSH	EAX
   275 000001EF 57                              	PUSH	EDI
   276 000001F0 50                              	PUSH	EAX
   277 000001F1 6A 00                           	PUSH	0
   278 000001F3 6A 07                           	PUSH	7
   279 000001F5 FF 75 0C                        	PUSH	DWORD [12+EBP]
   280 000001F8 FF 75 08                        	PUSH	DWORD [8+EBP]
   281 000001FB E8 FFFFFF56                     	CALL	_boxfill8
   282 00000200 8B 45 10                        	MOV	EAX,DWORD [16+EBP]
   283 00000203 48                              	DEC	EAX
   284 00000204 50                              	PUSH	EAX
   285 00000205 8B 45 10                        	MOV	EAX,DWORD [16+EBP]
   286 00000208 57                              	PUSH	EDI
   287 00000209 83 E8 1A                        	SUB	EAX,26
   288 0000020C 50                              	PUSH	EAX
   289 0000020D 6A 00                           	PUSH	0
   290 0000020F 6A 08                           	PUSH	8
   291 00000211 FF 75 0C                        	PUSH	DWORD [12+EBP]
   292 00000214 FF 75 08                        	PUSH	DWORD [8+EBP]
   293 00000217 E8 FFFFFF3A                     	CALL	_boxfill8
   294 0000021C 8B 75 10                        	MOV	ESI,DWORD [16+EBP]
   295 0000021F 83 C4 38                        	ADD	ESP,56
   296 00000222 83 EE 18                        	SUB	ESI,24
   297 00000225 56                              	PUSH	ESI
   298 00000226 6A 3B                           	PUSH	59
   299 00000228 56                              	PUSH	ESI
   300 00000229 6A 03                           	PUSH	3
   301 0000022B 6A 07                           	PUSH	7
   302 0000022D FF 75 0C                        	PUSH	DWORD [12+EBP]
   303 00000230 FF 75 08                        	PUSH	DWORD [8+EBP]
   304 00000233 E8 FFFFFF1E                     	CALL	_boxfill8
   305 00000238 8B 45 10                        	MOV	EAX,DWORD [16+EBP]
   306 0000023B 83 E8 04                        	SUB	EAX,4
   307 0000023E 50                              	PUSH	EAX
   308 0000023F 89 45 F0                        	MOV	DWORD [-16+EBP],EAX
   309 00000242 6A 02                           	PUSH	2
   310 00000244 56                              	PUSH	ESI
   311 00000245 6A 02                           	PUSH	2
   312 00000247 6A 07                           	PUSH	7
   313 00000249 FF 75 0C                        	PUSH	DWORD [12+EBP]
   314 0000024C FF 75 08                        	PUSH	DWORD [8+EBP]
   315 0000024F E8 FFFFFF02                     	CALL	_boxfill8
   316 00000254 83 C4 38                        	ADD	ESP,56
   317 00000257 FF 75 F0                        	PUSH	DWORD [-16+EBP]
   318 0000025A 6A 3B                           	PUSH	59
   319 0000025C FF 75 F0                        	PUSH	DWORD [-16+EBP]
   320 0000025F 6A 03                           	PUSH	3
   321 00000261 6A 0F                           	PUSH	15
   322 00000263 FF 75 0C                        	PUSH	DWORD [12+EBP]
   323 00000266 FF 75 08                        	PUSH	DWORD [8+EBP]
   324 00000269 E8 FFFFFEE8                     	CALL	_boxfill8
   325 0000026E 8B 45 10                        	MOV	EAX,DWORD [16+EBP]
   326 00000271 83 E8 05                        	SUB	EAX,5
   327 00000274 50                              	PUSH	EAX
   328 00000275 8B 45 10                        	MOV	EAX,DWORD [16+EBP]
   329 00000278 6A 3B                           	PUSH	59
   330 0000027A 83 E8 17                        	SUB	EAX,23
   331 0000027D 50                              	PUSH	EAX
   332 0000027E 89 45 EC                        	MOV	DWORD [-20+EBP],EAX
   333 00000281 6A 3B                           	PUSH	59
   334 00000283 6A 0F                           	PUSH	15
   335 00000285 FF 75 0C                        	PUSH	DWORD [12+EBP]
   336 00000288 FF 75 08                        	PUSH	DWORD [8+EBP]
   337 0000028B E8 FFFFFEC6                     	CALL	_boxfill8
   338 00000290 8B 45 10                        	MOV	EAX,DWORD [16+EBP]
   339 00000293 83 C4 38                        	ADD	ESP,56
   340 00000296 83 E8 03                        	SUB	EAX,3
   341 00000299 89 45 E8                        	MOV	DWORD [-24+EBP],EAX
   342 0000029C 50                              	PUSH	EAX
   343 0000029D 6A 3B                           	PUSH	59
   344 0000029F 50                              	PUSH	EAX
   345 000002A0 6A 02                           	PUSH	2
   346 000002A2 6A 00                           	PUSH	0
   347 000002A4 FF 75 0C                        	PUSH	DWORD [12+EBP]
   348 000002A7 FF 75 08                        	PUSH	DWORD [8+EBP]
   349 000002AA E8 FFFFFEA7                     	CALL	_boxfill8
   350 000002AF FF 75 E8                        	PUSH	DWORD [-24+EBP]
   351 000002B2 6A 3C                           	PUSH	60
   352 000002B4 56                              	PUSH	ESI
   353 000002B5 6A 3C                           	PUSH	60
   354 000002B7 6A 00                           	PUSH	0
   355 000002B9 FF 75 0C                        	PUSH	DWORD [12+EBP]
   356 000002BC FF 75 08                        	PUSH	DWORD [8+EBP]
   357 000002BF E8 FFFFFE92                     	CALL	_boxfill8
   358 000002C4 8B 7D 0C                        	MOV	EDI,DWORD [12+EBP]
   359 000002C7 83 C4 38                        	ADD	ESP,56
   360 000002CA 8B 5D 0C                        	MOV	EBX,DWORD [12+EBP]
   361 000002CD 83 EB 04                        	SUB	EBX,4
   362 000002D0 83 EF 2F                        	SUB	EDI,47
   363 000002D3 56                              	PUSH	ESI
   364 000002D4 53                              	PUSH	EBX
   365 000002D5 56                              	PUSH	ESI
   366 000002D6 57                              	PUSH	EDI
   367 000002D7 6A 0F                           	PUSH	15
   368 000002D9 FF 75 0C                        	PUSH	DWORD [12+EBP]
   369 000002DC FF 75 08                        	PUSH	DWORD [8+EBP]
   370 000002DF E8 FFFFFE72                     	CALL	_boxfill8
   371 000002E4 FF 75 F0                        	PUSH	DWORD [-16+EBP]
   372 000002E7 57                              	PUSH	EDI
   373 000002E8 FF 75 EC                        	PUSH	DWORD [-20+EBP]
   374 000002EB 57                              	PUSH	EDI
   375 000002EC 6A 0F                           	PUSH	15
   376 000002EE FF 75 0C                        	PUSH	DWORD [12+EBP]
   377 000002F1 FF 75 08                        	PUSH	DWORD [8+EBP]
   378 000002F4 E8 FFFFFE5D                     	CALL	_boxfill8
   379 000002F9 83 C4 38                        	ADD	ESP,56
   380 000002FC FF 75 E8                        	PUSH	DWORD [-24+EBP]
   381 000002FF 53                              	PUSH	EBX
   382 00000300 FF 75 E8                        	PUSH	DWORD [-24+EBP]
   383 00000303 57                              	PUSH	EDI
   384 00000304 6A 07                           	PUSH	7
   385 00000306 FF 75 0C                        	PUSH	DWORD [12+EBP]
   386 00000309 FF 75 08                        	PUSH	DWORD [8+EBP]
   387 0000030C E8 FFFFFE45                     	CALL	_boxfill8
   388 00000311 8B 45 0C                        	MOV	EAX,DWORD [12+EBP]
   389 00000314 FF 75 E8                        	PUSH	DWORD [-24+EBP]
   390 00000317 83 E8 03                        	SUB	EAX,3
   391 0000031A 50                              	PUSH	EAX
   392 0000031B 56                              	PUSH	ESI
   393 0000031C 50                              	PUSH	EAX
   394 0000031D 6A 07                           	PUSH	7
   395 0000031F FF 75 0C                        	PUSH	DWORD [12+EBP]
   396 00000322 FF 75 08                        	PUSH	DWORD [8+EBP]
   397 00000325 E8 FFFFFE2C                     	CALL	_boxfill8
   398 0000032A 8D 65 F4                        	LEA	ESP,DWORD [-12+EBP]
   399 0000032D 5B                              	POP	EBX
   400 0000032E 5E                              	POP	ESI
   401 0000032F 5F                              	POP	EDI
   402 00000330 5D                              	POP	EBP
   403 00000331 C3                              	RET
   404 00000332                                 	GLOBAL	_putfont8
   405 00000332                                 _putfont8:
   406 00000332 55                              	PUSH	EBP
   407 00000333 89 E5                           	MOV	EBP,ESP
   408 00000335 57                              	PUSH	EDI
   409 00000336 56                              	PUSH	ESI
   410 00000337 31 F6                           	XOR	ESI,ESI
   411 00000339 53                              	PUSH	EBX
   412 0000033A 8B 7D 1C                        	MOV	EDI,DWORD [28+EBP]
   413 0000033D 8A 5D 18                        	MOV	BL,BYTE [24+EBP]
   414 00000340                                 L43:
   415 00000340 8B 45 14                        	MOV	EAX,DWORD [20+EBP]
   416 00000343 8B 55 10                        	MOV	EDX,DWORD [16+EBP]
   417 00000346 01 F0                           	ADD	EAX,ESI
   418 00000348 0F AF 45 0C                     	IMUL	EAX,DWORD [12+EBP]
   419 0000034C 03 45 08                        	ADD	EAX,DWORD [8+EBP]
   420 0000034F 8D 0C 02                        	LEA	ECX,DWORD [EDX+EAX*1]
   421 00000352 8A 14 3E                        	MOV	DL,BYTE [ESI+EDI*1]
   422 00000355 84 D2                           	TEST	DL,DL
   423 00000357 79 02                           	JNS	L35
   424 00000359 88 19                           	MOV	BYTE [ECX],BL
   425 0000035B                                 L35:
   426 0000035B 88 D0                           	MOV	AL,DL
   427 0000035D 83 E0 40                        	AND	EAX,64
   428 00000360 84 C0                           	TEST	AL,AL
   429 00000362 74 03                           	JE	L36
   430 00000364 88 59 01                        	MOV	BYTE [1+ECX],BL
   431 00000367                                 L36:
   432 00000367 88 D0                           	MOV	AL,DL
   433 00000369 83 E0 20                        	AND	EAX,32
   434 0000036C 84 C0                           	TEST	AL,AL
   435 0000036E 74 03                           	JE	L37
   436 00000370 88 59 02                        	MOV	BYTE [2+ECX],BL
   437 00000373                                 L37:
   438 00000373 88 D0                           	MOV	AL,DL
   439 00000375 83 E0 10                        	AND	EAX,16
   440 00000378 84 C0                           	TEST	AL,AL
   441 0000037A 74 03                           	JE	L38
   442 0000037C 88 59 03                        	MOV	BYTE [3+ECX],BL
   443 0000037F                                 L38:
   444 0000037F 88 D0                           	MOV	AL,DL
   445 00000381 83 E0 08                        	AND	EAX,8
   446 00000384 84 C0                           	TEST	AL,AL
   447 00000386 74 03                           	JE	L39
   448 00000388 88 59 04                        	MOV	BYTE [4+ECX],BL
   449 0000038B                                 L39:
   450 0000038B 88 D0                           	MOV	AL,DL
   451 0000038D 83 E0 04                        	AND	EAX,4
   452 00000390 84 C0                           	TEST	AL,AL
   453 00000392 74 03                           	JE	L40
   454 00000394 88 59 05                        	MOV	BYTE [5+ECX],BL
   455 00000397                                 L40:
   456 00000397 88 D0                           	MOV	AL,DL
   457 00000399 83 E0 02                        	AND	EAX,2
   458 0000039C 84 C0                           	TEST	AL,AL
   459 0000039E 74 03                           	JE	L41
   460 000003A0 88 59 06                        	MOV	BYTE [6+ECX],BL
   461 000003A3                                 L41:
   462 000003A3 83 E2 01                        	AND	EDX,1
   463 000003A6 84 D2                           	TEST	DL,DL
   464 000003A8 74 03                           	JE	L33
   465 000003AA 88 59 07                        	MOV	BYTE [7+ECX],BL
   466 000003AD                                 L33:
   467 000003AD 46                              	INC	ESI
   468 000003AE 83 FE 0F                        	CMP	ESI,15
   469 000003B1 7E 8D                           	JLE	L43
   470 000003B3 5B                              	POP	EBX
   471 000003B4 5E                              	POP	ESI
   472 000003B5 5F                              	POP	EDI
   473 000003B6 5D                              	POP	EBP
   474 000003B7 C3                              	RET
   475 000003B8                                 	GLOBAL	_putfonts8_asc
   476 000003B8                                 _putfonts8_asc:
   477 000003B8 55                              	PUSH	EBP
   478 000003B9 89 E5                           	MOV	EBP,ESP
   479 000003BB 57                              	PUSH	EDI
   480 000003BC 56                              	PUSH	ESI
   481 000003BD 53                              	PUSH	EBX
   482 000003BE 50                              	PUSH	EAX
   483 000003BF 8B 5D 1C                        	MOV	EBX,DWORD [28+EBP]
   484 000003C2 8A 45 18                        	MOV	AL,BYTE [24+EBP]
   485 000003C5 88 45 F3                        	MOV	BYTE [-13+EBP],AL
   486 000003C8 8B 75 10                        	MOV	ESI,DWORD [16+EBP]
   487 000003CB 8B 7D 14                        	MOV	EDI,DWORD [20+EBP]
   488 000003CE 80 3B 00                        	CMP	BYTE [EBX],0
   489 000003D1 75 08                           	JNE	L51
   490 000003D3                                 L53:
   491 000003D3 8D 65 F4                        	LEA	ESP,DWORD [-12+EBP]
   492 000003D6 5B                              	POP	EBX
   493 000003D7 5E                              	POP	ESI
   494 000003D8 5F                              	POP	EDI
   495 000003D9 5D                              	POP	EBP
   496 000003DA C3                              	RET
   497 000003DB                                 L51:
   498 000003DB 0F B6 03                        	MOVZX	EAX,BYTE [EBX]
   499 000003DE C1 E0 04                        	SAL	EAX,4
   500 000003E1 43                              	INC	EBX
   501 000003E2 05 [00000000]                   	ADD	EAX,_hankaku
   502 000003E7 50                              	PUSH	EAX
   503 000003E8 0F BE 45 F3                     	MOVSX	EAX,BYTE [-13+EBP]
   504 000003EC 50                              	PUSH	EAX
   505 000003ED 57                              	PUSH	EDI
   506 000003EE 56                              	PUSH	ESI
   507 000003EF 83 C6 08                        	ADD	ESI,8
   508 000003F2 FF 75 0C                        	PUSH	DWORD [12+EBP]
   509 000003F5 FF 75 08                        	PUSH	DWORD [8+EBP]
   510 000003F8 E8 FFFFFF35                     	CALL	_putfont8
   511 000003FD 83 C4 18                        	ADD	ESP,24
   512 00000400 80 3B 00                        	CMP	BYTE [EBX],0
   513 00000403 75 D6                           	JNE	L51
   514 00000405 EB CC                           	JMP	L53
