     1 00000000                                 [FORMAT "WCOFF"]
     2 00000000                                 [INSTRSET "i486p"]
     3 00000000                                 [OPTIMIZE 1]
     4 00000000                                 [OPTION 1]
     5 00000000                                 [BITS 32]
     6 00000000                                 	EXTERN	_init_gdtidt
     7 00000000                                 	EXTERN	_init_pic
     8 00000000                                 	EXTERN	_io_sti
     9 00000000                                 	EXTERN	_keyfifo
    10 00000000                                 	EXTERN	_fifo8_init
    11 00000000                                 	EXTERN	_io_out8
    12 00000000                                 	EXTERN	_init_palette
    13 00000000                                 	EXTERN	_init_screen8
    14 00000000                                 	EXTERN	_init_mouse_cursor8
    15 00000000                                 	EXTERN	_putblock8_8
    16 00000000                                 	EXTERN	_sprintf
    17 00000000                                 	EXTERN	_putfonts8_asc
    18 00000000                                 	EXTERN	_io_cli
    19 00000000                                 	EXTERN	_fifo8_status
    20 00000000                                 	EXTERN	_fifo8_get
    21 00000000                                 	EXTERN	_boxfill8
    22 00000000                                 	EXTERN	_io_stihlt
    23 00000000                                 	EXTERN	_io_in8
    24 00000000                                 [FILE "bootpack.c"]
    25                                          [SECTION .data]
    26 00000000                                 LC0:
    27 00000000 28 25 64 2C 20 25 64 29 00      	DB	"(%d, %d)",0x00
    28 00000009                                 LC1:
    29 00000009 25 30 32 58 00                  	DB	"%02X",0x00
    30                                          [SECTION .text]
    31 00000000                                 	GLOBAL	_HariMain
    32 00000000                                 _HariMain:
    33 00000000 55                              	PUSH	EBP
    34 00000001 89 E5                           	MOV	EBP,ESP
    35 00000003 57                              	PUSH	EDI
    36 00000004 56                              	PUSH	ESI
    37 00000005 53                              	PUSH	EBX
    38 00000006 8D 9D FFFFFEC4                  	LEA	EBX,DWORD [-316+EBP]
    39 0000000C 81 EC 00000150                  	SUB	ESP,336
    40 00000012 E8 [00000000]                   	CALL	_init_gdtidt
    41 00000017 E8 [00000000]                   	CALL	_init_pic
    42 0000001C E8 [00000000]                   	CALL	_io_sti
    43 00000021 8D 85 FFFFFEA4                  	LEA	EAX,DWORD [-348+EBP]
    44 00000027 50                              	PUSH	EAX
    45 00000028 6A 20                           	PUSH	32
    46 0000002A 68 [00000000]                   	PUSH	_keyfifo
    47 0000002F E8 [00000000]                   	CALL	_fifo8_init
    48 00000034 68 000000F9                     	PUSH	249
    49 00000039 6A 21                           	PUSH	33
    50 0000003B E8 [00000000]                   	CALL	_io_out8
    51 00000040 68 000000EF                     	PUSH	239
    52 00000045 68 000000A1                     	PUSH	161
    53 0000004A E8 [00000000]                   	CALL	_io_out8
    54 0000004F E8 0000012F                     	CALL	_init_keyboard
    55 00000054 E8 [00000000]                   	CALL	_init_palette
    56 00000059 0F BF 05 00000FF6               	MOVSX	EAX,WORD [4086]
    57 00000060 50                              	PUSH	EAX
    58 00000061 0F BF 05 00000FF4               	MOVSX	EAX,WORD [4084]
    59 00000068 50                              	PUSH	EAX
    60 00000069 FF 35 00000FF8                  	PUSH	DWORD [4088]
    61 0000006F E8 [00000000]                   	CALL	_init_screen8
    62 00000074 83 C4 28                        	ADD	ESP,40
    63 00000077 0F BF 05 00000FF4               	MOVSX	EAX,WORD [4084]
    64 0000007E B9 00000002                     	MOV	ECX,2
    65 00000083 8D 50 F0                        	LEA	EDX,DWORD [-16+EAX]
    66 00000086 89 D0                           	MOV	EAX,EDX
    67 00000088 99                              	CDQ
    68 00000089 F7 F9                           	IDIV	ECX
    69 0000008B 0F BF 15 00000FF6               	MOVSX	EDX,WORD [4086]
    70 00000092 83 EA 2C                        	SUB	EDX,44
    71 00000095 89 C7                           	MOV	EDI,EAX
    72 00000097 89 D0                           	MOV	EAX,EDX
    73 00000099 6A 0E                           	PUSH	14
    74 0000009B 99                              	CDQ
    75 0000009C F7 F9                           	IDIV	ECX
    76 0000009E 53                              	PUSH	EBX
    77 0000009F 89 C6                           	MOV	ESI,EAX
    78 000000A1 E8 [00000000]                   	CALL	_init_mouse_cursor8
    79 000000A6 6A 10                           	PUSH	16
    80 000000A8 53                              	PUSH	EBX
    81 000000A9 8D 5D C4                        	LEA	EBX,DWORD [-60+EBP]
    82 000000AC 56                              	PUSH	ESI
    83 000000AD 57                              	PUSH	EDI
    84 000000AE 6A 10                           	PUSH	16
    85 000000B0 6A 10                           	PUSH	16
    86 000000B2 0F BF 05 00000FF4               	MOVSX	EAX,WORD [4084]
    87 000000B9 50                              	PUSH	EAX
    88 000000BA FF 35 00000FF8                  	PUSH	DWORD [4088]
    89 000000C0 E8 [00000000]                   	CALL	_putblock8_8
    90 000000C5 83 C4 28                        	ADD	ESP,40
    91 000000C8 56                              	PUSH	ESI
    92 000000C9 57                              	PUSH	EDI
    93 000000CA 68 [00000000]                   	PUSH	LC0
    94 000000CF 53                              	PUSH	EBX
    95 000000D0 E8 [00000000]                   	CALL	_sprintf
    96 000000D5 53                              	PUSH	EBX
    97 000000D6 6A 07                           	PUSH	7
    98 000000D8 6A 00                           	PUSH	0
    99 000000DA 6A 00                           	PUSH	0
   100 000000DC 0F BF 05 00000FF4               	MOVSX	EAX,WORD [4084]
   101 000000E3 50                              	PUSH	EAX
   102 000000E4 FF 35 00000FF8                  	PUSH	DWORD [4088]
   103 000000EA E8 [00000000]                   	CALL	_putfonts8_asc
   104 000000EF 83 C4 28                        	ADD	ESP,40
   105 000000F2 E8 000000AD                     	CALL	_enable_mouse
   106 000000F7                                 L2:
   107 000000F7 E8 [00000000]                   	CALL	_io_cli
   108 000000FC 68 [00000000]                   	PUSH	_keyfifo
   109 00000101 E8 [00000000]                   	CALL	_fifo8_status
   110 00000106 5A                              	POP	EDX
   111 00000107 85 C0                           	TEST	EAX,EAX
   112 00000109 74 5F                           	JE	L7
   113 0000010B 68 [00000000]                   	PUSH	_keyfifo
   114 00000110 E8 [00000000]                   	CALL	_fifo8_get
   115 00000115 89 C3                           	MOV	EBX,EAX
   116 00000117 E8 [00000000]                   	CALL	_io_sti
   117 0000011C 53                              	PUSH	EBX
   118 0000011D 8D 5D C4                        	LEA	EBX,DWORD [-60+EBP]
   119 00000120 68 [00000009]                   	PUSH	LC1
   120 00000125 53                              	PUSH	EBX
   121 00000126 E8 [00000000]                   	CALL	_sprintf
   122 0000012B 6A 1F                           	PUSH	31
   123 0000012D 6A 0F                           	PUSH	15
   124 0000012F 6A 10                           	PUSH	16
   125 00000131 6A 00                           	PUSH	0
   126 00000133 6A 0E                           	PUSH	14
   127 00000135 0F BF 05 00000FF4               	MOVSX	EAX,WORD [4084]
   128 0000013C 50                              	PUSH	EAX
   129 0000013D FF 35 00000FF8                  	PUSH	DWORD [4088]
   130 00000143 E8 [00000000]                   	CALL	_boxfill8
   131 00000148 83 C4 2C                        	ADD	ESP,44
   132 0000014B 53                              	PUSH	EBX
   133 0000014C 6A 07                           	PUSH	7
   134 0000014E 6A 10                           	PUSH	16
   135 00000150 6A 00                           	PUSH	0
   136 00000152 0F BF 05 00000FF4               	MOVSX	EAX,WORD [4084]
   137 00000159 50                              	PUSH	EAX
   138 0000015A FF 35 00000FF8                  	PUSH	DWORD [4088]
   139 00000160 E8 [00000000]                   	CALL	_putfonts8_asc
   140 00000165 83 C4 18                        	ADD	ESP,24
   141 00000168 EB 8D                           	JMP	L2
   142 0000016A                                 L7:
   143 0000016A E8 [00000000]                   	CALL	_io_stihlt
   144 0000016F EB 86                           	JMP	L2
   145 00000171                                 	GLOBAL	_wait_KBC_sendready
   146 00000171                                 _wait_KBC_sendready:
   147 00000171 55                              	PUSH	EBP
   148 00000172 89 E5                           	MOV	EBP,ESP
   149 00000174                                 L9:
   150 00000174 6A 64                           	PUSH	100
   151 00000176 E8 [00000000]                   	CALL	_io_in8
   152 0000017B 59                              	POP	ECX
   153 0000017C 83 E0 02                        	AND	EAX,2
   154 0000017F 75 F3                           	JNE	L9
   155 00000181 C9                              	LEAVE
   156 00000182 C3                              	RET
   157 00000183                                 	GLOBAL	_init_keyboard
   158 00000183                                 _init_keyboard:
   159 00000183 55                              	PUSH	EBP
   160 00000184 89 E5                           	MOV	EBP,ESP
   161 00000186 E8 FFFFFFE6                     	CALL	_wait_KBC_sendready
   162 0000018B 6A 60                           	PUSH	96
   163 0000018D 6A 64                           	PUSH	100
   164 0000018F E8 [00000000]                   	CALL	_io_out8
   165 00000194 E8 FFFFFFD8                     	CALL	_wait_KBC_sendready
   166 00000199 6A 47                           	PUSH	71
   167 0000019B 6A 60                           	PUSH	96
   168 0000019D E8 [00000000]                   	CALL	_io_out8
   169 000001A2 C9                              	LEAVE
   170 000001A3 C3                              	RET
   171 000001A4                                 	GLOBAL	_enable_mouse
   172 000001A4                                 _enable_mouse:
   173 000001A4 55                              	PUSH	EBP
   174 000001A5 89 E5                           	MOV	EBP,ESP
   175 000001A7 E8 FFFFFFC5                     	CALL	_wait_KBC_sendready
   176 000001AC 68 000000D4                     	PUSH	212
   177 000001B1 6A 64                           	PUSH	100
   178 000001B3 E8 [00000000]                   	CALL	_io_out8
   179 000001B8 E8 FFFFFFB4                     	CALL	_wait_KBC_sendready
   180 000001BD 68 000000F4                     	PUSH	244
   181 000001C2 6A 60                           	PUSH	96
   182 000001C4 E8 [00000000]                   	CALL	_io_out8
   183 000001C9 C9                              	LEAVE
   184 000001CA C3                              	RET
