     1 00000000                                 [FORMAT "WCOFF"]
     2 00000000                                 [INSTRSET "i486p"]
     3 00000000                                 [OPTIMIZE 1]
     4 00000000                                 [OPTION 1]
     5 00000000                                 [BITS 32]
     6 00000000                                 	EXTERN	_io_out8
     7 00000000                                 	EXTERN	_io_in8
     8 00000000                                 	EXTERN	_boxfill8
     9 00000000                                 	EXTERN	_putfonts8_asc
    10 00000000                                 	EXTERN	_io_hlt
    11 00000000                                 [FILE "int.c"]
    12                                          [SECTION .text]
    13 00000000                                 	GLOBAL	_init_pic
    14 00000000                                 _init_pic:
    15 00000000 55                              	PUSH	EBP
    16 00000001 89 E5                           	MOV	EBP,ESP
    17 00000003 68 000000FF                     	PUSH	255
    18 00000008 6A 21                           	PUSH	33
    19 0000000A E8 [00000000]                   	CALL	_io_out8
    20 0000000F 68 000000FF                     	PUSH	255
    21 00000014 68 000000A1                     	PUSH	161
    22 00000019 E8 [00000000]                   	CALL	_io_out8
    23 0000001E 6A 11                           	PUSH	17
    24 00000020 6A 20                           	PUSH	32
    25 00000022 E8 [00000000]                   	CALL	_io_out8
    26 00000027 6A 20                           	PUSH	32
    27 00000029 6A 21                           	PUSH	33
    28 0000002B E8 [00000000]                   	CALL	_io_out8
    29 00000030 83 C4 20                        	ADD	ESP,32
    30 00000033 6A 04                           	PUSH	4
    31 00000035 6A 21                           	PUSH	33
    32 00000037 E8 [00000000]                   	CALL	_io_out8
    33 0000003C 6A 01                           	PUSH	1
    34 0000003E 6A 21                           	PUSH	33
    35 00000040 E8 [00000000]                   	CALL	_io_out8
    36 00000045 6A 11                           	PUSH	17
    37 00000047 68 000000A0                     	PUSH	160
    38 0000004C E8 [00000000]                   	CALL	_io_out8
    39 00000051 6A 28                           	PUSH	40
    40 00000053 68 000000A1                     	PUSH	161
    41 00000058 E8 [00000000]                   	CALL	_io_out8
    42 0000005D 83 C4 20                        	ADD	ESP,32
    43 00000060 6A 02                           	PUSH	2
    44 00000062 68 000000A1                     	PUSH	161
    45 00000067 E8 [00000000]                   	CALL	_io_out8
    46 0000006C 6A 01                           	PUSH	1
    47 0000006E 68 000000A1                     	PUSH	161
    48 00000073 E8 [00000000]                   	CALL	_io_out8
    49 00000078 68 000000FB                     	PUSH	251
    50 0000007D 6A 21                           	PUSH	33
    51 0000007F E8 [00000000]                   	CALL	_io_out8
    52 00000084 68 000000FF                     	PUSH	255
    53 00000089 68 000000A1                     	PUSH	161
    54 0000008E E8 [00000000]                   	CALL	_io_out8
    55 00000093 C9                              	LEAVE
    56 00000094 C3                              	RET
    57 00000095                                 	GLOBAL	_inthandler21
    58 00000095                                 _inthandler21:
    59 00000095 55                              	PUSH	EBP
    60 00000096 89 E5                           	MOV	EBP,ESP
    61 00000098 6A 61                           	PUSH	97
    62 0000009A 6A 20                           	PUSH	32
    63 0000009C E8 [00000000]                   	CALL	_io_out8
    64 000000A1 6A 60                           	PUSH	96
    65 000000A3 E8 [00000000]                   	CALL	_io_in8
    66 000000A8 83 C4 0C                        	ADD	ESP,12
    67 000000AB 80 3D [0000001F] 00             	CMP	BYTE [_keybuf+1],0
    68 000000B2 75 0C                           	JNE	L2
    69 000000B4 A2 [0000001E]                   	MOV	BYTE [_keybuf],AL
    70 000000B9 C6 05 [0000001F] 01             	MOV	BYTE [_keybuf+1],1
    71 000000C0                                 L2:
    72 000000C0 C9                              	LEAVE
    73 000000C1 C3                              	RET
    74                                          [SECTION .data]
    75 00000000                                 LC0:
    76 00000000 49 4E 54 20 32 43 20 28 49 52   	DB	"INT 2C (IRQ-12) : PS/2 mouse",0x00
       0000000A 51 2D 31 32 29 20 3A 20 50 53 
       00000014 2F 32 20 6D 6F 75 73 65 00 
    77                                          [SECTION .text]
    78 000000C2                                 	GLOBAL	_inthandler2c
    79 000000C2                                 _inthandler2c:
    80 000000C2 55                              	PUSH	EBP
    81 000000C3 89 E5                           	MOV	EBP,ESP
    82 000000C5 6A 0F                           	PUSH	15
    83 000000C7 68 000000FF                     	PUSH	255
    84 000000CC 6A 00                           	PUSH	0
    85 000000CE 6A 00                           	PUSH	0
    86 000000D0 6A 00                           	PUSH	0
    87 000000D2 0F BF 05 00000FF4               	MOVSX	EAX,WORD [4084]
    88 000000D9 50                              	PUSH	EAX
    89 000000DA FF 35 00000FF8                  	PUSH	DWORD [4088]
    90 000000E0 E8 [00000000]                   	CALL	_boxfill8
    91 000000E5 68 [00000000]                   	PUSH	LC0
    92 000000EA 6A 07                           	PUSH	7
    93 000000EC 6A 00                           	PUSH	0
    94 000000EE 6A 00                           	PUSH	0
    95 000000F0 0F BF 05 00000FF4               	MOVSX	EAX,WORD [4084]
    96 000000F7 50                              	PUSH	EAX
    97 000000F8 FF 35 00000FF8                  	PUSH	DWORD [4088]
    98 000000FE E8 [00000000]                   	CALL	_putfonts8_asc
    99 00000103 83 C4 34                        	ADD	ESP,52
   100 00000106                                 L5:
   101 00000106 E8 [00000000]                   	CALL	_io_hlt
   102 0000010B EB F9                           	JMP	L5
   103 0000010D                                 	GLOBAL	_inthandler27
   104 0000010D                                 _inthandler27:
   105 0000010D 55                              	PUSH	EBP
   106 0000010E 89 E5                           	MOV	EBP,ESP
   107 00000110 6A 67                           	PUSH	103
   108 00000112 6A 20                           	PUSH	32
   109 00000114 E8 [00000000]                   	CALL	_io_out8
   110 00000119 C9                              	LEAVE
   111 0000011A C3                              	RET
   112 0000011B                                 	GLOBAL	_keybuf
   113                                          [SECTION .data]
   114 0000001D 00                              	ALIGNB	2
   115 0000001E                                 _keybuf:
   116 0000001E 00 00                           	RESB	2
