     1 00000000                                 [FORMAT "WCOFF"]
     2 00000000                                 [INSTRSET "i486p"]
     3 00000000                                 [OPTIMIZE 1]
     4 00000000                                 [OPTION 1]
     5 00000000                                 [BITS 32]
     6 00000000                                 	EXTERN	_io_hlt
     7 00000000                                 	EXTERN	_io_load_eflags
     8 00000000                                 	EXTERN	_io_cli
     9 00000000                                 	EXTERN	_io_out8
    10 00000000                                 	EXTERN	_io_store_eflags
    11 00000000                                 	EXTERN	_hankaku
    12 00000000                                 [FILE "bootpack.c"]
    13                                          [SECTION .data]
    14 00000000                                 LC0:
    15 00000000 41 42 43 20 31 32 33 00         	DB	"ABC 123",0x00
    16 00000008                                 LC1:
    17 00000008 48 61 72 69 62 6F 74 65 20 4F   	DB	"Haribote OS.",0x00
       00000012 53 2E 00 
    18                                          [SECTION .text]
    19 00000000                                 	GLOBAL	_HariMain
    20 00000000                                 _HariMain:
    21 00000000 55                              	PUSH	EBP
    22 00000001 89 E5                           	MOV	EBP,ESP
    23 00000003 E8 00000082                     	CALL	_init_palette
    24 00000008 0F BF 05 00000FF6               	MOVSX	EAX,WORD [4086]
    25 0000000F 50                              	PUSH	EAX
    26 00000010 0F BF 05 00000FF4               	MOVSX	EAX,WORD [4084]
    27 00000017 50                              	PUSH	EAX
    28 00000018 FF 35 00000FF8                  	PUSH	DWORD [4088]
    29 0000001E E8 00000153                     	CALL	_init_screen
    30 00000023 68 [00000000]                   	PUSH	LC0
    31 00000028 6A 07                           	PUSH	7
    32 0000002A 6A 08                           	PUSH	8
    33 0000002C 6A 08                           	PUSH	8
    34 0000002E 0F BF 05 00000FF4               	MOVSX	EAX,WORD [4084]
    35 00000035 50                              	PUSH	EAX
    36 00000036 FF 35 00000FF8                  	PUSH	DWORD [4088]
    37 0000003C E8 00000346                     	CALL	_putfonts8_asc
    38 00000041 83 C4 24                        	ADD	ESP,36
    39 00000044 68 [00000008]                   	PUSH	LC1
    40 00000049 6A 00                           	PUSH	0
    41 0000004B 6A 1F                           	PUSH	31
    42 0000004D 6A 1F                           	PUSH	31
    43 0000004F 0F BF 05 00000FF4               	MOVSX	EAX,WORD [4084]
    44 00000056 50                              	PUSH	EAX
    45 00000057 FF 35 00000FF8                  	PUSH	DWORD [4088]
    46 0000005D E8 00000325                     	CALL	_putfonts8_asc
    47 00000062 68 [00000008]                   	PUSH	LC1
    48 00000067 6A 07                           	PUSH	7
    49 00000069 6A 1E                           	PUSH	30
    50 0000006B 6A 1E                           	PUSH	30
    51 0000006D 0F BF 05 00000FF4               	MOVSX	EAX,WORD [4084]
    52 00000074 50                              	PUSH	EAX
    53 00000075 FF 35 00000FF8                  	PUSH	DWORD [4088]
    54 0000007B E8 00000307                     	CALL	_putfonts8_asc
    55 00000080 83 C4 30                        	ADD	ESP,48
    56 00000083                                 L2:
    57 00000083 E8 [00000000]                   	CALL	_io_hlt
    58 00000088 EB F9                           	JMP	L2
    59                                          [SECTION .data]
    60 00000015                                 _table_rgb.0:
    61 00000015 00                              	DB	0
    62 00000016 00                              	DB	0
    63 00000017 00                              	DB	0
    64 00000018 FF                              	DB	-1
    65 00000019 00                              	DB	0
    66 0000001A 00                              	DB	0
    67 0000001B 00                              	DB	0
    68 0000001C FF                              	DB	-1
    69 0000001D 00                              	DB	0
    70 0000001E FF                              	DB	-1
    71 0000001F FF                              	DB	-1
    72 00000020 00                              	DB	0
    73 00000021 00                              	DB	0
    74 00000022 00                              	DB	0
    75 00000023 FF                              	DB	-1
    76 00000024 FF                              	DB	-1
    77 00000025 00                              	DB	0
    78 00000026 FF                              	DB	-1
    79 00000027 00                              	DB	0
    80 00000028 FF                              	DB	-1
    81 00000029 FF                              	DB	-1
    82 0000002A FF                              	DB	-1
    83 0000002B FF                              	DB	-1
    84 0000002C FF                              	DB	-1
    85 0000002D C6                              	DB	-58
    86 0000002E C6                              	DB	-58
    87 0000002F C6                              	DB	-58
    88 00000030 84                              	DB	-124
    89 00000031 00                              	DB	0
    90 00000032 00                              	DB	0
    91 00000033 00                              	DB	0
    92 00000034 84                              	DB	-124
    93 00000035 00                              	DB	0
    94 00000036 84                              	DB	-124
    95 00000037 84                              	DB	-124
    96 00000038 00                              	DB	0
    97 00000039 00                              	DB	0
    98 0000003A 00                              	DB	0
    99 0000003B 84                              	DB	-124
   100 0000003C 84                              	DB	-124
   101 0000003D 00                              	DB	0
   102 0000003E 84                              	DB	-124
   103 0000003F 00                              	DB	0
   104 00000040 84                              	DB	-124
   105 00000041 84                              	DB	-124
   106 00000042 84                              	DB	-124
   107 00000043 84                              	DB	-124
   108 00000044 84                              	DB	-124
   109                                          [SECTION .text]
   110 0000008A                                 	GLOBAL	_init_palette
   111 0000008A                                 _init_palette:
   112 0000008A 55                              	PUSH	EBP
   113 0000008B 89 E5                           	MOV	EBP,ESP
   114 0000008D 68 [00000015]                   	PUSH	_table_rgb.0
   115 00000092 6A 0F                           	PUSH	15
   116 00000094 6A 00                           	PUSH	0
   117 00000096 E8 00000002                     	CALL	_set_palette
   118 0000009B C9                              	LEAVE
   119 0000009C C3                              	RET
   120 0000009D                                 	GLOBAL	_set_palette
   121 0000009D                                 _set_palette:
   122 0000009D 55                              	PUSH	EBP
   123 0000009E 89 E5                           	MOV	EBP,ESP
   124 000000A0 57                              	PUSH	EDI
   125 000000A1 56                              	PUSH	ESI
   126 000000A2 53                              	PUSH	EBX
   127 000000A3 51                              	PUSH	ECX
   128 000000A4 8B 5D 08                        	MOV	EBX,DWORD [8+EBP]
   129 000000A7 8B 7D 0C                        	MOV	EDI,DWORD [12+EBP]
   130 000000AA 8B 75 10                        	MOV	ESI,DWORD [16+EBP]
   131 000000AD E8 [00000000]                   	CALL	_io_load_eflags
   132 000000B2 89 45 F0                        	MOV	DWORD [-16+EBP],EAX
   133 000000B5 E8 [00000000]                   	CALL	_io_cli
   134 000000BA 53                              	PUSH	EBX
   135 000000BB 68 000003C8                     	PUSH	968
   136 000000C0 E8 [00000000]                   	CALL	_io_out8
   137 000000C5 39 FB                           	CMP	EBX,EDI
   138 000000C7 58                              	POP	EAX
   139 000000C8 5A                              	POP	EDX
   140 000000C9 7E 12                           	JLE	L11
   141 000000CB                                 L13:
   142 000000CB 8B 45 F0                        	MOV	EAX,DWORD [-16+EBP]
   143 000000CE 89 45 08                        	MOV	DWORD [8+EBP],EAX
   144 000000D1 8D 65 F4                        	LEA	ESP,DWORD [-12+EBP]
   145 000000D4 5B                              	POP	EBX
   146 000000D5 5E                              	POP	ESI
   147 000000D6 5F                              	POP	EDI
   148 000000D7 5D                              	POP	EBP
   149 000000D8 E9 [00000000]                   	JMP	_io_store_eflags
   150 000000DD                                 L11:
   151 000000DD 8A 06                           	MOV	AL,BYTE [ESI]
   152 000000DF 43                              	INC	EBX
   153 000000E0 C0 E8 02                        	SHR	AL,2
   154 000000E3 0F B6 C0                        	MOVZX	EAX,AL
   155 000000E6 50                              	PUSH	EAX
   156 000000E7 68 000003C9                     	PUSH	969
   157 000000EC E8 [00000000]                   	CALL	_io_out8
   158 000000F1 8A 46 01                        	MOV	AL,BYTE [1+ESI]
   159 000000F4 C0 E8 02                        	SHR	AL,2
   160 000000F7 0F B6 C0                        	MOVZX	EAX,AL
   161 000000FA 50                              	PUSH	EAX
   162 000000FB 68 000003C9                     	PUSH	969
   163 00000100 E8 [00000000]                   	CALL	_io_out8
   164 00000105 8A 46 02                        	MOV	AL,BYTE [2+ESI]
   165 00000108 C0 E8 02                        	SHR	AL,2
   166 0000010B 83 C6 03                        	ADD	ESI,3
   167 0000010E 0F B6 C0                        	MOVZX	EAX,AL
   168 00000111 50                              	PUSH	EAX
   169 00000112 68 000003C9                     	PUSH	969
   170 00000117 E8 [00000000]                   	CALL	_io_out8
   171 0000011C 83 C4 18                        	ADD	ESP,24
   172 0000011F 39 FB                           	CMP	EBX,EDI
   173 00000121 7E BA                           	JLE	L11
   174 00000123 EB A6                           	JMP	L13
   175 00000125                                 	GLOBAL	_boxfill8
   176 00000125                                 _boxfill8:
   177 00000125 55                              	PUSH	EBP
   178 00000126 89 E5                           	MOV	EBP,ESP
   179 00000128 57                              	PUSH	EDI
   180 00000129 56                              	PUSH	ESI
   181 0000012A 53                              	PUSH	EBX
   182 0000012B 57                              	PUSH	EDI
   183 0000012C 57                              	PUSH	EDI
   184 0000012D 8A 45 10                        	MOV	AL,BYTE [16+EBP]
   185 00000130 8B 4D 18                        	MOV	ECX,DWORD [24+EBP]
   186 00000133 8B 7D 1C                        	MOV	EDI,DWORD [28+EBP]
   187 00000136 88 45 F3                        	MOV	BYTE [-13+EBP],AL
   188 00000139 3B 4D 20                        	CMP	ECX,DWORD [32+EBP]
   189 0000013C 7F 31                           	JG	L26
   190 0000013E 8B 5D 0C                        	MOV	EBX,DWORD [12+EBP]
   191 00000141 0F AF D9                        	IMUL	EBX,ECX
   192 00000144                                 L24:
   193 00000144 8B 55 14                        	MOV	EDX,DWORD [20+EBP]
   194 00000147 39 FA                           	CMP	EDX,EDI
   195 00000149 7F 1B                           	JG	L28
   196 0000014B 8B 75 08                        	MOV	ESI,DWORD [8+EBP]
   197 0000014E 01 DE                           	ADD	ESI,EBX
   198 00000150 01 D6                           	ADD	ESI,EDX
   199 00000152 89 75 EC                        	MOV	DWORD [-20+EBP],ESI
   200 00000155                                 L23:
   201 00000155 8B 75 EC                        	MOV	ESI,DWORD [-20+EBP]
   202 00000158 8A 45 F3                        	MOV	AL,BYTE [-13+EBP]
   203 0000015B 42                              	INC	EDX
   204 0000015C 88 06                           	MOV	BYTE [ESI],AL
   205 0000015E 46                              	INC	ESI
   206 0000015F 89 75 EC                        	MOV	DWORD [-20+EBP],ESI
   207 00000162 39 FA                           	CMP	EDX,EDI
   208 00000164 7E EF                           	JLE	L23
   209 00000166                                 L28:
   210 00000166 41                              	INC	ECX
   211 00000167 03 5D 0C                        	ADD	EBX,DWORD [12+EBP]
   212 0000016A 3B 4D 20                        	CMP	ECX,DWORD [32+EBP]
   213 0000016D 7E D5                           	JLE	L24
   214 0000016F                                 L26:
   215 0000016F 5B                              	POP	EBX
   216 00000170 5E                              	POP	ESI
   217 00000171 5B                              	POP	EBX
   218 00000172 5E                              	POP	ESI
   219 00000173 5F                              	POP	EDI
   220 00000174 5D                              	POP	EBP
   221 00000175 C3                              	RET
   222 00000176                                 	GLOBAL	_init_screen
   223 00000176                                 _init_screen:
   224 00000176 55                              	PUSH	EBP
   225 00000177 89 E5                           	MOV	EBP,ESP
   226 00000179 57                              	PUSH	EDI
   227 0000017A 56                              	PUSH	ESI
   228 0000017B 53                              	PUSH	EBX
   229 0000017C 83 EC 0C                        	SUB	ESP,12
   230 0000017F 8B 45 10                        	MOV	EAX,DWORD [16+EBP]
   231 00000182 8B 7D 0C                        	MOV	EDI,DWORD [12+EBP]
   232 00000185 83 E8 1D                        	SUB	EAX,29
   233 00000188 4F                              	DEC	EDI
   234 00000189 50                              	PUSH	EAX
   235 0000018A 57                              	PUSH	EDI
   236 0000018B 6A 00                           	PUSH	0
   237 0000018D 6A 00                           	PUSH	0
   238 0000018F 6A 0E                           	PUSH	14
   239 00000191 FF 75 0C                        	PUSH	DWORD [12+EBP]
   240 00000194 FF 75 08                        	PUSH	DWORD [8+EBP]
   241 00000197 E8 FFFFFF89                     	CALL	_boxfill8
   242 0000019C 8B 45 10                        	MOV	EAX,DWORD [16+EBP]
   243 0000019F 83 E8 1C                        	SUB	EAX,28
   244 000001A2 50                              	PUSH	EAX
   245 000001A3 57                              	PUSH	EDI
   246 000001A4 50                              	PUSH	EAX
   247 000001A5 6A 00                           	PUSH	0
   248 000001A7 6A 08                           	PUSH	8
   249 000001A9 FF 75 0C                        	PUSH	DWORD [12+EBP]
   250 000001AC FF 75 08                        	PUSH	DWORD [8+EBP]
   251 000001AF E8 FFFFFF71                     	CALL	_boxfill8
   252 000001B4 8B 45 10                        	MOV	EAX,DWORD [16+EBP]
   253 000001B7 83 C4 38                        	ADD	ESP,56
   254 000001BA 83 E8 1B                        	SUB	EAX,27
   255 000001BD 50                              	PUSH	EAX
   256 000001BE 57                              	PUSH	EDI
   257 000001BF 50                              	PUSH	EAX
   258 000001C0 6A 00                           	PUSH	0
   259 000001C2 6A 07                           	PUSH	7
   260 000001C4 FF 75 0C                        	PUSH	DWORD [12+EBP]
   261 000001C7 FF 75 08                        	PUSH	DWORD [8+EBP]
   262 000001CA E8 FFFFFF56                     	CALL	_boxfill8
   263 000001CF 8B 45 10                        	MOV	EAX,DWORD [16+EBP]
   264 000001D2 48                              	DEC	EAX
   265 000001D3 50                              	PUSH	EAX
   266 000001D4 8B 45 10                        	MOV	EAX,DWORD [16+EBP]
   267 000001D7 57                              	PUSH	EDI
   268 000001D8 83 E8 1A                        	SUB	EAX,26
   269 000001DB 50                              	PUSH	EAX
   270 000001DC 6A 00                           	PUSH	0
   271 000001DE 6A 08                           	PUSH	8
   272 000001E0 FF 75 0C                        	PUSH	DWORD [12+EBP]
   273 000001E3 FF 75 08                        	PUSH	DWORD [8+EBP]
   274 000001E6 E8 FFFFFF3A                     	CALL	_boxfill8
   275 000001EB 8B 75 10                        	MOV	ESI,DWORD [16+EBP]
   276 000001EE 83 C4 38                        	ADD	ESP,56
   277 000001F1 83 EE 18                        	SUB	ESI,24
   278 000001F4 56                              	PUSH	ESI
   279 000001F5 6A 3B                           	PUSH	59
   280 000001F7 56                              	PUSH	ESI
   281 000001F8 6A 03                           	PUSH	3
   282 000001FA 6A 07                           	PUSH	7
   283 000001FC FF 75 0C                        	PUSH	DWORD [12+EBP]
   284 000001FF FF 75 08                        	PUSH	DWORD [8+EBP]
   285 00000202 E8 FFFFFF1E                     	CALL	_boxfill8
   286 00000207 8B 45 10                        	MOV	EAX,DWORD [16+EBP]
   287 0000020A 83 E8 04                        	SUB	EAX,4
   288 0000020D 50                              	PUSH	EAX
   289 0000020E 89 45 F0                        	MOV	DWORD [-16+EBP],EAX
   290 00000211 6A 02                           	PUSH	2
   291 00000213 56                              	PUSH	ESI
   292 00000214 6A 02                           	PUSH	2
   293 00000216 6A 07                           	PUSH	7
   294 00000218 FF 75 0C                        	PUSH	DWORD [12+EBP]
   295 0000021B FF 75 08                        	PUSH	DWORD [8+EBP]
   296 0000021E E8 FFFFFF02                     	CALL	_boxfill8
   297 00000223 83 C4 38                        	ADD	ESP,56
   298 00000226 FF 75 F0                        	PUSH	DWORD [-16+EBP]
   299 00000229 6A 3B                           	PUSH	59
   300 0000022B FF 75 F0                        	PUSH	DWORD [-16+EBP]
   301 0000022E 6A 03                           	PUSH	3
   302 00000230 6A 0F                           	PUSH	15
   303 00000232 FF 75 0C                        	PUSH	DWORD [12+EBP]
   304 00000235 FF 75 08                        	PUSH	DWORD [8+EBP]
   305 00000238 E8 FFFFFEE8                     	CALL	_boxfill8
   306 0000023D 8B 45 10                        	MOV	EAX,DWORD [16+EBP]
   307 00000240 83 E8 05                        	SUB	EAX,5
   308 00000243 50                              	PUSH	EAX
   309 00000244 8B 45 10                        	MOV	EAX,DWORD [16+EBP]
   310 00000247 6A 3B                           	PUSH	59
   311 00000249 83 E8 17                        	SUB	EAX,23
   312 0000024C 50                              	PUSH	EAX
   313 0000024D 89 45 EC                        	MOV	DWORD [-20+EBP],EAX
   314 00000250 6A 3B                           	PUSH	59
   315 00000252 6A 0F                           	PUSH	15
   316 00000254 FF 75 0C                        	PUSH	DWORD [12+EBP]
   317 00000257 FF 75 08                        	PUSH	DWORD [8+EBP]
   318 0000025A E8 FFFFFEC6                     	CALL	_boxfill8
   319 0000025F 8B 45 10                        	MOV	EAX,DWORD [16+EBP]
   320 00000262 83 C4 38                        	ADD	ESP,56
   321 00000265 83 E8 03                        	SUB	EAX,3
   322 00000268 89 45 E8                        	MOV	DWORD [-24+EBP],EAX
   323 0000026B 50                              	PUSH	EAX
   324 0000026C 6A 3B                           	PUSH	59
   325 0000026E 50                              	PUSH	EAX
   326 0000026F 6A 02                           	PUSH	2
   327 00000271 6A 00                           	PUSH	0
   328 00000273 FF 75 0C                        	PUSH	DWORD [12+EBP]
   329 00000276 FF 75 08                        	PUSH	DWORD [8+EBP]
   330 00000279 E8 FFFFFEA7                     	CALL	_boxfill8
   331 0000027E FF 75 E8                        	PUSH	DWORD [-24+EBP]
   332 00000281 6A 3C                           	PUSH	60
   333 00000283 56                              	PUSH	ESI
   334 00000284 6A 3C                           	PUSH	60
   335 00000286 6A 00                           	PUSH	0
   336 00000288 FF 75 0C                        	PUSH	DWORD [12+EBP]
   337 0000028B FF 75 08                        	PUSH	DWORD [8+EBP]
   338 0000028E E8 FFFFFE92                     	CALL	_boxfill8
   339 00000293 8B 7D 0C                        	MOV	EDI,DWORD [12+EBP]
   340 00000296 83 C4 38                        	ADD	ESP,56
   341 00000299 8B 5D 0C                        	MOV	EBX,DWORD [12+EBP]
   342 0000029C 83 EB 04                        	SUB	EBX,4
   343 0000029F 83 EF 2F                        	SUB	EDI,47
   344 000002A2 56                              	PUSH	ESI
   345 000002A3 53                              	PUSH	EBX
   346 000002A4 56                              	PUSH	ESI
   347 000002A5 57                              	PUSH	EDI
   348 000002A6 6A 0F                           	PUSH	15
   349 000002A8 FF 75 0C                        	PUSH	DWORD [12+EBP]
   350 000002AB FF 75 08                        	PUSH	DWORD [8+EBP]
   351 000002AE E8 FFFFFE72                     	CALL	_boxfill8
   352 000002B3 FF 75 F0                        	PUSH	DWORD [-16+EBP]
   353 000002B6 57                              	PUSH	EDI
   354 000002B7 FF 75 EC                        	PUSH	DWORD [-20+EBP]
   355 000002BA 57                              	PUSH	EDI
   356 000002BB 6A 0F                           	PUSH	15
   357 000002BD FF 75 0C                        	PUSH	DWORD [12+EBP]
   358 000002C0 FF 75 08                        	PUSH	DWORD [8+EBP]
   359 000002C3 E8 FFFFFE5D                     	CALL	_boxfill8
   360 000002C8 83 C4 38                        	ADD	ESP,56
   361 000002CB FF 75 E8                        	PUSH	DWORD [-24+EBP]
   362 000002CE 53                              	PUSH	EBX
   363 000002CF FF 75 E8                        	PUSH	DWORD [-24+EBP]
   364 000002D2 57                              	PUSH	EDI
   365 000002D3 6A 07                           	PUSH	7
   366 000002D5 FF 75 0C                        	PUSH	DWORD [12+EBP]
   367 000002D8 FF 75 08                        	PUSH	DWORD [8+EBP]
   368 000002DB E8 FFFFFE45                     	CALL	_boxfill8
   369 000002E0 8B 45 0C                        	MOV	EAX,DWORD [12+EBP]
   370 000002E3 FF 75 E8                        	PUSH	DWORD [-24+EBP]
   371 000002E6 83 E8 03                        	SUB	EAX,3
   372 000002E9 50                              	PUSH	EAX
   373 000002EA 56                              	PUSH	ESI
   374 000002EB 50                              	PUSH	EAX
   375 000002EC 6A 07                           	PUSH	7
   376 000002EE FF 75 0C                        	PUSH	DWORD [12+EBP]
   377 000002F1 FF 75 08                        	PUSH	DWORD [8+EBP]
   378 000002F4 E8 FFFFFE2C                     	CALL	_boxfill8
   379 000002F9 8D 65 F4                        	LEA	ESP,DWORD [-12+EBP]
   380 000002FC 5B                              	POP	EBX
   381 000002FD 5E                              	POP	ESI
   382 000002FE 5F                              	POP	EDI
   383 000002FF 5D                              	POP	EBP
   384 00000300 C3                              	RET
   385 00000301                                 	GLOBAL	_putfont8
   386 00000301                                 _putfont8:
   387 00000301 55                              	PUSH	EBP
   388 00000302 89 E5                           	MOV	EBP,ESP
   389 00000304 57                              	PUSH	EDI
   390 00000305 56                              	PUSH	ESI
   391 00000306 31 F6                           	XOR	ESI,ESI
   392 00000308 53                              	PUSH	EBX
   393 00000309 8B 7D 1C                        	MOV	EDI,DWORD [28+EBP]
   394 0000030C 8A 5D 18                        	MOV	BL,BYTE [24+EBP]
   395 0000030F                                 L43:
   396 0000030F 8B 45 14                        	MOV	EAX,DWORD [20+EBP]
   397 00000312 8B 55 10                        	MOV	EDX,DWORD [16+EBP]
   398 00000315 01 F0                           	ADD	EAX,ESI
   399 00000317 0F AF 45 0C                     	IMUL	EAX,DWORD [12+EBP]
   400 0000031B 03 45 08                        	ADD	EAX,DWORD [8+EBP]
   401 0000031E 8D 0C 02                        	LEA	ECX,DWORD [EDX+EAX*1]
   402 00000321 8A 14 3E                        	MOV	DL,BYTE [ESI+EDI*1]
   403 00000324 84 D2                           	TEST	DL,DL
   404 00000326 79 02                           	JNS	L35
   405 00000328 88 19                           	MOV	BYTE [ECX],BL
   406 0000032A                                 L35:
   407 0000032A 88 D0                           	MOV	AL,DL
   408 0000032C 83 E0 40                        	AND	EAX,64
   409 0000032F 84 C0                           	TEST	AL,AL
   410 00000331 74 03                           	JE	L36
   411 00000333 88 59 01                        	MOV	BYTE [1+ECX],BL
   412 00000336                                 L36:
   413 00000336 88 D0                           	MOV	AL,DL
   414 00000338 83 E0 20                        	AND	EAX,32
   415 0000033B 84 C0                           	TEST	AL,AL
   416 0000033D 74 03                           	JE	L37
   417 0000033F 88 59 02                        	MOV	BYTE [2+ECX],BL
   418 00000342                                 L37:
   419 00000342 88 D0                           	MOV	AL,DL
   420 00000344 83 E0 10                        	AND	EAX,16
   421 00000347 84 C0                           	TEST	AL,AL
   422 00000349 74 03                           	JE	L38
   423 0000034B 88 59 03                        	MOV	BYTE [3+ECX],BL
   424 0000034E                                 L38:
   425 0000034E 88 D0                           	MOV	AL,DL
   426 00000350 83 E0 08                        	AND	EAX,8
   427 00000353 84 C0                           	TEST	AL,AL
   428 00000355 74 03                           	JE	L39
   429 00000357 88 59 04                        	MOV	BYTE [4+ECX],BL
   430 0000035A                                 L39:
   431 0000035A 88 D0                           	MOV	AL,DL
   432 0000035C 83 E0 04                        	AND	EAX,4
   433 0000035F 84 C0                           	TEST	AL,AL
   434 00000361 74 03                           	JE	L40
   435 00000363 88 59 05                        	MOV	BYTE [5+ECX],BL
   436 00000366                                 L40:
   437 00000366 88 D0                           	MOV	AL,DL
   438 00000368 83 E0 02                        	AND	EAX,2
   439 0000036B 84 C0                           	TEST	AL,AL
   440 0000036D 74 03                           	JE	L41
   441 0000036F 88 59 06                        	MOV	BYTE [6+ECX],BL
   442 00000372                                 L41:
   443 00000372 83 E2 01                        	AND	EDX,1
   444 00000375 84 D2                           	TEST	DL,DL
   445 00000377 74 03                           	JE	L33
   446 00000379 88 59 07                        	MOV	BYTE [7+ECX],BL
   447 0000037C                                 L33:
   448 0000037C 46                              	INC	ESI
   449 0000037D 83 FE 0F                        	CMP	ESI,15
   450 00000380 7E 8D                           	JLE	L43
   451 00000382 5B                              	POP	EBX
   452 00000383 5E                              	POP	ESI
   453 00000384 5F                              	POP	EDI
   454 00000385 5D                              	POP	EBP
   455 00000386 C3                              	RET
   456 00000387                                 	GLOBAL	_putfonts8_asc
   457 00000387                                 _putfonts8_asc:
   458 00000387 55                              	PUSH	EBP
   459 00000388 89 E5                           	MOV	EBP,ESP
   460 0000038A 57                              	PUSH	EDI
   461 0000038B 56                              	PUSH	ESI
   462 0000038C 53                              	PUSH	EBX
   463 0000038D 50                              	PUSH	EAX
   464 0000038E 8B 5D 1C                        	MOV	EBX,DWORD [28+EBP]
   465 00000391 8A 45 18                        	MOV	AL,BYTE [24+EBP]
   466 00000394 88 45 F3                        	MOV	BYTE [-13+EBP],AL
   467 00000397 8B 75 10                        	MOV	ESI,DWORD [16+EBP]
   468 0000039A 8B 7D 14                        	MOV	EDI,DWORD [20+EBP]
   469 0000039D 80 3B 00                        	CMP	BYTE [EBX],0
   470 000003A0 75 08                           	JNE	L51
   471 000003A2                                 L53:
   472 000003A2 8D 65 F4                        	LEA	ESP,DWORD [-12+EBP]
   473 000003A5 5B                              	POP	EBX
   474 000003A6 5E                              	POP	ESI
   475 000003A7 5F                              	POP	EDI
   476 000003A8 5D                              	POP	EBP
   477 000003A9 C3                              	RET
   478 000003AA                                 L51:
   479 000003AA 0F B6 03                        	MOVZX	EAX,BYTE [EBX]
   480 000003AD C1 E0 04                        	SAL	EAX,4
   481 000003B0 43                              	INC	EBX
   482 000003B1 05 [00000000]                   	ADD	EAX,_hankaku
   483 000003B6 50                              	PUSH	EAX
   484 000003B7 0F BE 45 F3                     	MOVSX	EAX,BYTE [-13+EBP]
   485 000003BB 50                              	PUSH	EAX
   486 000003BC 57                              	PUSH	EDI
   487 000003BD 56                              	PUSH	ESI
   488 000003BE 83 C6 08                        	ADD	ESI,8
   489 000003C1 FF 75 0C                        	PUSH	DWORD [12+EBP]
   490 000003C4 FF 75 08                        	PUSH	DWORD [8+EBP]
   491 000003C7 E8 FFFFFF35                     	CALL	_putfont8
   492 000003CC 83 C4 18                        	ADD	ESP,24
   493 000003CF 80 3B 00                        	CMP	BYTE [EBX],0
   494 000003D2 75 D6                           	JNE	L51
   495 000003D4 EB CC                           	JMP	L53
