     1 00000000                                 [FORMAT "WCOFF"]
     2 00000000                                 [INSTRSET "i486p"]
     3 00000000                                 [OPTIMIZE 1]
     4 00000000                                 [OPTION 1]
     5 00000000                                 [BITS 32]
     6 00000000                                 	EXTERN	_io_out8
     7 00000000                                 	EXTERN	_io_in8
     8 00000000                                 	EXTERN	_boxfill8
     9 00000000                                 	EXTERN	_putfonts8_asc
    10 00000000                                 	EXTERN	_io_hlt
    11 00000000                                 [FILE "int.c"]
    12                                          [SECTION .text]
    13 00000000                                 	GLOBAL	_init_pic
    14 00000000                                 _init_pic:
    15 00000000 55                              	PUSH	EBP
    16 00000001 89 E5                           	MOV	EBP,ESP
    17 00000003 68 000000FF                     	PUSH	255
    18 00000008 6A 21                           	PUSH	33
    19 0000000A E8 [00000000]                   	CALL	_io_out8
    20 0000000F 68 000000FF                     	PUSH	255
    21 00000014 68 000000A1                     	PUSH	161
    22 00000019 E8 [00000000]                   	CALL	_io_out8
    23 0000001E 6A 11                           	PUSH	17
    24 00000020 6A 20                           	PUSH	32
    25 00000022 E8 [00000000]                   	CALL	_io_out8
    26 00000027 6A 20                           	PUSH	32
    27 00000029 6A 21                           	PUSH	33
    28 0000002B E8 [00000000]                   	CALL	_io_out8
    29 00000030 83 C4 20                        	ADD	ESP,32
    30 00000033 6A 04                           	PUSH	4
    31 00000035 6A 21                           	PUSH	33
    32 00000037 E8 [00000000]                   	CALL	_io_out8
    33 0000003C 6A 01                           	PUSH	1
    34 0000003E 6A 21                           	PUSH	33
    35 00000040 E8 [00000000]                   	CALL	_io_out8
    36 00000045 6A 11                           	PUSH	17
    37 00000047 68 000000A0                     	PUSH	160
    38 0000004C E8 [00000000]                   	CALL	_io_out8
    39 00000051 6A 28                           	PUSH	40
    40 00000053 68 000000A1                     	PUSH	161
    41 00000058 E8 [00000000]                   	CALL	_io_out8
    42 0000005D 83 C4 20                        	ADD	ESP,32
    43 00000060 6A 02                           	PUSH	2
    44 00000062 68 000000A1                     	PUSH	161
    45 00000067 E8 [00000000]                   	CALL	_io_out8
    46 0000006C 6A 01                           	PUSH	1
    47 0000006E 68 000000A1                     	PUSH	161
    48 00000073 E8 [00000000]                   	CALL	_io_out8
    49 00000078 68 000000FB                     	PUSH	251
    50 0000007D 6A 21                           	PUSH	33
    51 0000007F E8 [00000000]                   	CALL	_io_out8
    52 00000084 68 000000FF                     	PUSH	255
    53 00000089 68 000000A1                     	PUSH	161
    54 0000008E E8 [00000000]                   	CALL	_io_out8
    55 00000093 C9                              	LEAVE
    56 00000094 C3                              	RET
    57 00000095                                 	GLOBAL	_inthandler21
    58 00000095                                 _inthandler21:
    59 00000095 55                              	PUSH	EBP
    60 00000096 89 E5                           	MOV	EBP,ESP
    61 00000098 6A 61                           	PUSH	97
    62 0000009A 6A 20                           	PUSH	32
    63 0000009C E8 [00000000]                   	CALL	_io_out8
    64 000000A1 6A 60                           	PUSH	96
    65 000000A3 E8 [00000000]                   	CALL	_io_in8
    66 000000A8 83 C4 0C                        	ADD	ESP,12
    67 000000AB 89 C2                           	MOV	EDX,EAX
    68 000000AD A1 [00000040]                   	MOV	EAX,DWORD [_keybuf+32]
    69 000000B2 83 F8 1F                        	CMP	EAX,31
    70 000000B5 7F 0C                           	JG	L2
    71 000000B7 88 90 [00000020]                	MOV	BYTE [_keybuf+EAX],DL
    72 000000BD 40                              	INC	EAX
    73 000000BE A3 [00000040]                   	MOV	DWORD [_keybuf+32],EAX
    74 000000C3                                 L2:
    75 000000C3 C9                              	LEAVE
    76 000000C4 C3                              	RET
    77                                          [SECTION .data]
    78 00000000                                 LC0:
    79 00000000 49 4E 54 20 32 43 20 28 49 52   	DB	"INT 2C (IRQ-12) : PS/2 mouse",0x00
       0000000A 51 2D 31 32 29 20 3A 20 50 53 
       00000014 2F 32 20 6D 6F 75 73 65 00 
    80                                          [SECTION .text]
    81 000000C5                                 	GLOBAL	_inthandler2c
    82 000000C5                                 _inthandler2c:
    83 000000C5 55                              	PUSH	EBP
    84 000000C6 89 E5                           	MOV	EBP,ESP
    85 000000C8 6A 0F                           	PUSH	15
    86 000000CA 68 000000FF                     	PUSH	255
    87 000000CF 6A 00                           	PUSH	0
    88 000000D1 6A 00                           	PUSH	0
    89 000000D3 6A 00                           	PUSH	0
    90 000000D5 0F BF 05 00000FF4               	MOVSX	EAX,WORD [4084]
    91 000000DC 50                              	PUSH	EAX
    92 000000DD FF 35 00000FF8                  	PUSH	DWORD [4088]
    93 000000E3 E8 [00000000]                   	CALL	_boxfill8
    94 000000E8 68 [00000000]                   	PUSH	LC0
    95 000000ED 6A 07                           	PUSH	7
    96 000000EF 6A 00                           	PUSH	0
    97 000000F1 6A 00                           	PUSH	0
    98 000000F3 0F BF 05 00000FF4               	MOVSX	EAX,WORD [4084]
    99 000000FA 50                              	PUSH	EAX
   100 000000FB FF 35 00000FF8                  	PUSH	DWORD [4088]
   101 00000101 E8 [00000000]                   	CALL	_putfonts8_asc
   102 00000106 83 C4 34                        	ADD	ESP,52
   103 00000109                                 L5:
   104 00000109 E8 [00000000]                   	CALL	_io_hlt
   105 0000010E EB F9                           	JMP	L5
   106 00000110                                 	GLOBAL	_inthandler27
   107 00000110                                 _inthandler27:
   108 00000110 55                              	PUSH	EBP
   109 00000111 89 E5                           	MOV	EBP,ESP
   110 00000113 6A 67                           	PUSH	103
   111 00000115 6A 20                           	PUSH	32
   112 00000117 E8 [00000000]                   	CALL	_io_out8
   113 0000011C C9                              	LEAVE
   114 0000011D C3                              	RET
   115 0000011E                                 	GLOBAL	_keybuf
   116                                          [SECTION .data]
   117 0000001D 00 00 00                        	ALIGNB	16
   118 00000020                                 _keybuf:
   119 00000020 00 00 00 00 00 00 00 00 00 00   	RESB	36
       0000002A 00 00 00 00 00 00 00 00 00 00 
       00000034 00 00 00 00 00 00 00 00 00 00 
       0000003E 00 00 00 00 00 00 
