     1 00000000                                 [FORMAT "WCOFF"]
     2 00000000                                 [INSTRSET "i486p"]
     3 00000000                                 [OPTIMIZE 1]
     4 00000000                                 [OPTION 1]
     5 00000000                                 [BITS 32]
     6 00000000                                 	EXTERN	_init_gdtidt
     7 00000000                                 	EXTERN	_init_pic
     8 00000000                                 	EXTERN	_io_sti
     9 00000000                                 	EXTERN	_keyfifo
    10 00000000                                 	EXTERN	_fifo8_init
    11 00000000                                 	EXTERN	_mousefifo
    12 00000000                                 	EXTERN	_io_out8
    13 00000000                                 	EXTERN	_init_palette
    14 00000000                                 	EXTERN	_init_screen8
    15 00000000                                 	EXTERN	_init_mouse_cursor8
    16 00000000                                 	EXTERN	_putblock8_8
    17 00000000                                 	EXTERN	_sprintf
    18 00000000                                 	EXTERN	_putfonts8_asc
    19 00000000                                 	EXTERN	_io_cli
    20 00000000                                 	EXTERN	_fifo8_status
    21 00000000                                 	EXTERN	_fifo8_get
    22 00000000                                 	EXTERN	_boxfill8
    23 00000000                                 	EXTERN	_io_stihlt
    24 00000000                                 	EXTERN	_io_in8
    25 00000000                                 [FILE "bootpack.c"]
    26                                          [SECTION .data]
    27 00000000                                 LC0:
    28 00000000 28 25 64 2C 20 25 64 29 00      	DB	"(%d, %d)",0x00
    29 00000009                                 LC2:
    30 00000009 25 30 32 58 20 25 30 32 58 20   	DB	"%02X %02X %02X",0x00
       00000013 25 30 32 58 00 
    31 00000018                                 LC1:
    32 00000018 25 30 32 58 00                  	DB	"%02X",0x00
    33                                          [SECTION .text]
    34 00000000                                 	GLOBAL	_HariMain
    35 00000000                                 _HariMain:
    36 00000000 55                              	PUSH	EBP
    37 00000001 89 E5                           	MOV	EBP,ESP
    38 00000003 57                              	PUSH	EDI
    39 00000004 56                              	PUSH	ESI
    40 00000005 53                              	PUSH	EBX
    41 00000006 8D 9D FFFFFEC4                  	LEA	EBX,DWORD [-316+EBP]
    42 0000000C 81 EC 000001E0                  	SUB	ESP,480
    43 00000012 E8 [00000000]                   	CALL	_init_gdtidt
    44 00000017 E8 [00000000]                   	CALL	_init_pic
    45 0000001C E8 [00000000]                   	CALL	_io_sti
    46 00000021 8D 85 FFFFFEA4                  	LEA	EAX,DWORD [-348+EBP]
    47 00000027 50                              	PUSH	EAX
    48 00000028 6A 20                           	PUSH	32
    49 0000002A 68 [00000000]                   	PUSH	_keyfifo
    50 0000002F E8 [00000000]                   	CALL	_fifo8_init
    51 00000034 8D 85 FFFFFE24                  	LEA	EAX,DWORD [-476+EBP]
    52 0000003A 50                              	PUSH	EAX
    53 0000003B 68 00000080                     	PUSH	128
    54 00000040 68 [00000000]                   	PUSH	_mousefifo
    55 00000045 E8 [00000000]                   	CALL	_fifo8_init
    56 0000004A 68 000000F9                     	PUSH	249
    57 0000004F 6A 21                           	PUSH	33
    58 00000051 E8 [00000000]                   	CALL	_io_out8
    59 00000056 83 C4 20                        	ADD	ESP,32
    60 00000059 68 000000EF                     	PUSH	239
    61 0000005E 68 000000A1                     	PUSH	161
    62 00000063 E8 [00000000]                   	CALL	_io_out8
    63 00000068 E8 0000022B                     	CALL	_init_keyboard
    64 0000006D E8 [00000000]                   	CALL	_init_palette
    65 00000072 0F BF 05 00000FF6               	MOVSX	EAX,WORD [4086]
    66 00000079 50                              	PUSH	EAX
    67 0000007A 0F BF 05 00000FF4               	MOVSX	EAX,WORD [4084]
    68 00000081 50                              	PUSH	EAX
    69 00000082 FF 35 00000FF8                  	PUSH	DWORD [4088]
    70 00000088 E8 [00000000]                   	CALL	_init_screen8
    71 0000008D B9 00000002                     	MOV	ECX,2
    72 00000092 0F BF 05 00000FF4               	MOVSX	EAX,WORD [4084]
    73 00000099 8D 50 F0                        	LEA	EDX,DWORD [-16+EAX]
    74 0000009C 89 D0                           	MOV	EAX,EDX
    75 0000009E 99                              	CDQ
    76 0000009F F7 F9                           	IDIV	ECX
    77 000000A1 0F BF 15 00000FF6               	MOVSX	EDX,WORD [4086]
    78 000000A8 83 EA 2C                        	SUB	EDX,44
    79 000000AB 89 C7                           	MOV	EDI,EAX
    80 000000AD 89 D0                           	MOV	EAX,EDX
    81 000000AF 6A 0E                           	PUSH	14
    82 000000B1 99                              	CDQ
    83 000000B2 F7 F9                           	IDIV	ECX
    84 000000B4 53                              	PUSH	EBX
    85 000000B5 89 C6                           	MOV	ESI,EAX
    86 000000B7 E8 [00000000]                   	CALL	_init_mouse_cursor8
    87 000000BC 6A 10                           	PUSH	16
    88 000000BE 53                              	PUSH	EBX
    89 000000BF 8D 5D C4                        	LEA	EBX,DWORD [-60+EBP]
    90 000000C2 56                              	PUSH	ESI
    91 000000C3 57                              	PUSH	EDI
    92 000000C4 6A 10                           	PUSH	16
    93 000000C6 6A 10                           	PUSH	16
    94 000000C8 0F BF 05 00000FF4               	MOVSX	EAX,WORD [4084]
    95 000000CF 50                              	PUSH	EAX
    96 000000D0 FF 35 00000FF8                  	PUSH	DWORD [4088]
    97 000000D6 E8 [00000000]                   	CALL	_putblock8_8
    98 000000DB 83 C4 3C                        	ADD	ESP,60
    99 000000DE 56                              	PUSH	ESI
   100 000000DF 31 F6                           	XOR	ESI,ESI
   101 000000E1 57                              	PUSH	EDI
   102 000000E2 68 [00000000]                   	PUSH	LC0
   103 000000E7 53                              	PUSH	EBX
   104 000000E8 E8 [00000000]                   	CALL	_sprintf
   105 000000ED 53                              	PUSH	EBX
   106 000000EE 6A 07                           	PUSH	7
   107 000000F0 6A 00                           	PUSH	0
   108 000000F2 6A 00                           	PUSH	0
   109 000000F4 0F BF 05 00000FF4               	MOVSX	EAX,WORD [4084]
   110 000000FB 50                              	PUSH	EAX
   111 000000FC FF 35 00000FF8                  	PUSH	DWORD [4088]
   112 00000102 E8 [00000000]                   	CALL	_putfonts8_asc
   113 00000107 83 C4 28                        	ADD	ESP,40
   114 0000010A E8 000001AA                     	CALL	_enable_mouse
   115 0000010F                                 L2:
   116 0000010F E8 [00000000]                   	CALL	_io_cli
   117 00000114 68 [00000000]                   	PUSH	_keyfifo
   118 00000119 E8 [00000000]                   	CALL	_fifo8_status
   119 0000011E 68 [00000000]                   	PUSH	_mousefifo
   120 00000123 89 C3                           	MOV	EBX,EAX
   121 00000125 E8 [00000000]                   	CALL	_fifo8_status
   122 0000012A 8D 04 18                        	LEA	EAX,DWORD [EAX+EBX*1]
   123 0000012D 5B                              	POP	EBX
   124 0000012E 5F                              	POP	EDI
   125 0000012F 85 C0                           	TEST	EAX,EAX
   126 00000131 0F 84 00000145                  	JE	L19
   127 00000137 68 [00000000]                   	PUSH	_keyfifo
   128 0000013C E8 [00000000]                   	CALL	_fifo8_status
   129 00000141 59                              	POP	ECX
   130 00000142 85 C0                           	TEST	EAX,EAX
   131 00000144 0F 85 000000E6                  	JNE	L20
   132 0000014A 68 [00000000]                   	PUSH	_mousefifo
   133 0000014F E8 [00000000]                   	CALL	_fifo8_status
   134 00000154 5A                              	POP	EDX
   135 00000155 85 C0                           	TEST	EAX,EAX
   136 00000157 74 B6                           	JE	L2
   137 00000159 68 [00000000]                   	PUSH	_mousefifo
   138 0000015E E8 [00000000]                   	CALL	_fifo8_get
   139 00000163 89 C3                           	MOV	EBX,EAX
   140 00000165 E8 [00000000]                   	CALL	_io_sti
   141 0000016A 58                              	POP	EAX
   142 0000016B 89 F0                           	MOV	EAX,ESI
   143 0000016D 84 C0                           	TEST	AL,AL
   144 0000016F 0F 84 000000A5                  	JE	L21
   145 00000175 89 F0                           	MOV	EAX,ESI
   146 00000177 FE C8                           	DEC	AL
   147 00000179 0F 84 0000008B                  	JE	L22
   148 0000017F 89 F0                           	MOV	EAX,ESI
   149 00000181 3C 02                           	CMP	AL,2
   150 00000183 74 75                           	JE	L23
   151 00000185 89 F0                           	MOV	EAX,ESI
   152 00000187 3C 03                           	CMP	AL,3
   153 00000189 75 84                           	JNE	L2
   154 0000018B 0F B6 C3                        	MOVZX	EAX,BL
   155 0000018E 50                              	PUSH	EAX
   156 0000018F 88 9D FFFFFE16                  	MOV	BYTE [-490+EBP],BL
   157 00000195 0F B6 85 FFFFFE15               	MOVZX	EAX,BYTE [-491+EBP]
   158 0000019C 50                              	PUSH	EAX
   159 0000019D 8D 5D C4                        	LEA	EBX,DWORD [-60+EBP]
   160 000001A0 0F B6 85 FFFFFE14               	MOVZX	EAX,BYTE [-492+EBP]
   161 000001A7 50                              	PUSH	EAX
   162 000001A8 BE 00000001                     	MOV	ESI,1
   163 000001AD 68 [00000009]                   	PUSH	LC2
   164 000001B2 53                              	PUSH	EBX
   165 000001B3 E8 [00000000]                   	CALL	_sprintf
   166 000001B8 6A 1F                           	PUSH	31
   167 000001BA 6A 5F                           	PUSH	95
   168 000001BC 6A 10                           	PUSH	16
   169 000001BE 6A 20                           	PUSH	32
   170 000001C0 6A 0E                           	PUSH	14
   171 000001C2 0F BF 05 00000FF4               	MOVSX	EAX,WORD [4084]
   172 000001C9 50                              	PUSH	EAX
   173 000001CA FF 35 00000FF8                  	PUSH	DWORD [4088]
   174 000001D0 E8 [00000000]                   	CALL	_boxfill8
   175 000001D5 83 C4 30                        	ADD	ESP,48
   176 000001D8 53                              	PUSH	EBX
   177 000001D9 6A 07                           	PUSH	7
   178 000001DB 6A 10                           	PUSH	16
   179 000001DD 6A 20                           	PUSH	32
   180 000001DF                                 L18:
   181 000001DF 0F BF 05 00000FF4               	MOVSX	EAX,WORD [4084]
   182 000001E6 50                              	PUSH	EAX
   183 000001E7 FF 35 00000FF8                  	PUSH	DWORD [4088]
   184 000001ED E8 [00000000]                   	CALL	_putfonts8_asc
   185 000001F2 83 C4 18                        	ADD	ESP,24
   186 000001F5 E9 FFFFFF15                     	JMP	L2
   187 000001FA                                 L23:
   188 000001FA BE 00000003                     	MOV	ESI,3
   189 000001FF 88 9D FFFFFE15                  	MOV	BYTE [-491+EBP],BL
   190 00000205 E9 FFFFFF05                     	JMP	L2
   191 0000020A                                 L22:
   192 0000020A BE 00000002                     	MOV	ESI,2
   193 0000020F 88 9D FFFFFE14                  	MOV	BYTE [-492+EBP],BL
   194 00000215 E9 FFFFFEF5                     	JMP	L2
   195 0000021A                                 L21:
   196 0000021A 81 FB 000000FA                  	CMP	EBX,250
   197 00000220 0F 85 FFFFFEE9                  	JNE	L2
   198 00000226 BE 00000001                     	MOV	ESI,1
   199 0000022B E9 FFFFFEDF                     	JMP	L2
   200 00000230                                 L20:
   201 00000230 68 [00000000]                   	PUSH	_keyfifo
   202 00000235 E8 [00000000]                   	CALL	_fifo8_get
   203 0000023A 89 C3                           	MOV	EBX,EAX
   204 0000023C E8 [00000000]                   	CALL	_io_sti
   205 00000241 53                              	PUSH	EBX
   206 00000242 8D 5D C4                        	LEA	EBX,DWORD [-60+EBP]
   207 00000245 68 [00000018]                   	PUSH	LC1
   208 0000024A 53                              	PUSH	EBX
   209 0000024B E8 [00000000]                   	CALL	_sprintf
   210 00000250 6A 1F                           	PUSH	31
   211 00000252 6A 0F                           	PUSH	15
   212 00000254 6A 10                           	PUSH	16
   213 00000256 6A 00                           	PUSH	0
   214 00000258 6A 0E                           	PUSH	14
   215 0000025A 0F BF 05 00000FF4               	MOVSX	EAX,WORD [4084]
   216 00000261 50                              	PUSH	EAX
   217 00000262 FF 35 00000FF8                  	PUSH	DWORD [4088]
   218 00000268 E8 [00000000]                   	CALL	_boxfill8
   219 0000026D 83 C4 2C                        	ADD	ESP,44
   220 00000270 53                              	PUSH	EBX
   221 00000271 6A 07                           	PUSH	7
   222 00000273 6A 10                           	PUSH	16
   223 00000275 6A 00                           	PUSH	0
   224 00000277 E9 FFFFFF63                     	JMP	L18
   225 0000027C                                 L19:
   226 0000027C E8 [00000000]                   	CALL	_io_stihlt
   227 00000281 E9 FFFFFE89                     	JMP	L2
   228 00000286                                 	GLOBAL	_wait_KBC_sendready
   229 00000286                                 _wait_KBC_sendready:
   230 00000286 55                              	PUSH	EBP
   231 00000287 89 E5                           	MOV	EBP,ESP
   232 00000289                                 L25:
   233 00000289 6A 64                           	PUSH	100
   234 0000028B E8 [00000000]                   	CALL	_io_in8
   235 00000290 5A                              	POP	EDX
   236 00000291 83 E0 02                        	AND	EAX,2
   237 00000294 75 F3                           	JNE	L25
   238 00000296 C9                              	LEAVE
   239 00000297 C3                              	RET
   240 00000298                                 	GLOBAL	_init_keyboard
   241 00000298                                 _init_keyboard:
   242 00000298 55                              	PUSH	EBP
   243 00000299 89 E5                           	MOV	EBP,ESP
   244 0000029B E8 FFFFFFE6                     	CALL	_wait_KBC_sendready
   245 000002A0 6A 60                           	PUSH	96
   246 000002A2 6A 64                           	PUSH	100
   247 000002A4 E8 [00000000]                   	CALL	_io_out8
   248 000002A9 E8 FFFFFFD8                     	CALL	_wait_KBC_sendready
   249 000002AE 6A 47                           	PUSH	71
   250 000002B0 6A 60                           	PUSH	96
   251 000002B2 E8 [00000000]                   	CALL	_io_out8
   252 000002B7 C9                              	LEAVE
   253 000002B8 C3                              	RET
   254 000002B9                                 	GLOBAL	_enable_mouse
   255 000002B9                                 _enable_mouse:
   256 000002B9 55                              	PUSH	EBP
   257 000002BA 89 E5                           	MOV	EBP,ESP
   258 000002BC E8 FFFFFFC5                     	CALL	_wait_KBC_sendready
   259 000002C1 68 000000D4                     	PUSH	212
   260 000002C6 6A 64                           	PUSH	100
   261 000002C8 E8 [00000000]                   	CALL	_io_out8
   262 000002CD E8 FFFFFFB4                     	CALL	_wait_KBC_sendready
   263 000002D2 68 000000F4                     	PUSH	244
   264 000002D7 6A 60                           	PUSH	96
   265 000002D9 E8 [00000000]                   	CALL	_io_out8
   266 000002DE C9                              	LEAVE
   267 000002DF C3                              	RET
