     1 00000000                                 [FORMAT "WCOFF"]
     2 00000000                                 [INSTRSET "i486p"]
     3 00000000                                 [OPTIMIZE 1]
     4 00000000                                 [OPTION 1]
     5 00000000                                 [BITS 32]
     6 00000000                                 	EXTERN	_init_gdtidt
     7 00000000                                 	EXTERN	_init_pic
     8 00000000                                 	EXTERN	_io_sti
     9 00000000                                 	EXTERN	_keyfifo
    10 00000000                                 	EXTERN	_fifo8_init
    11 00000000                                 	EXTERN	_mousefifo
    12 00000000                                 	EXTERN	_io_out8
    13 00000000                                 	EXTERN	_init_palette
    14 00000000                                 	EXTERN	_init_screen8
    15 00000000                                 	EXTERN	_init_mouse_cursor8
    16 00000000                                 	EXTERN	_putblock8_8
    17 00000000                                 	EXTERN	_sprintf
    18 00000000                                 	EXTERN	_putfonts8_asc
    19 00000000                                 	EXTERN	_io_cli
    20 00000000                                 	EXTERN	_fifo8_status
    21 00000000                                 	EXTERN	_fifo8_get
    22 00000000                                 	EXTERN	_boxfill8
    23 00000000                                 	EXTERN	_io_stihlt
    24 00000000                                 	EXTERN	_io_in8
    25 00000000                                 [FILE "bootpack.c"]
    26                                          [SECTION .data]
    27 00000000                                 LC0:
    28 00000000 28 25 64 2C 20 25 64 29 00      	DB	"(%d, %d)",0x00
    29 00000009                                 LC2:
    30 00000009 25 30 32 58 20 25 30 32 58 20   	DB	"%02X %02X %02X",0x00
       00000013 25 30 32 58 00 
    31 00000018                                 LC1:
    32 00000018 25 30 32 58 00                  	DB	"%02X",0x00
    33                                          [SECTION .text]
    34 00000000                                 	GLOBAL	_HariMain
    35 00000000                                 _HariMain:
    36 00000000 55                              	PUSH	EBP
    37 00000001 89 E5                           	MOV	EBP,ESP
    38 00000003 57                              	PUSH	EDI
    39 00000004 56                              	PUSH	ESI
    40 00000005 53                              	PUSH	EBX
    41 00000006 8D 9D FFFFFEC4                  	LEA	EBX,DWORD [-316+EBP]
    42 0000000C 81 EC 000001E0                  	SUB	ESP,480
    43 00000012 E8 [00000000]                   	CALL	_init_gdtidt
    44 00000017 E8 [00000000]                   	CALL	_init_pic
    45 0000001C E8 [00000000]                   	CALL	_io_sti
    46 00000021 8D 85 FFFFFEA4                  	LEA	EAX,DWORD [-348+EBP]
    47 00000027 50                              	PUSH	EAX
    48 00000028 6A 20                           	PUSH	32
    49 0000002A 68 [00000000]                   	PUSH	_keyfifo
    50 0000002F E8 [00000000]                   	CALL	_fifo8_init
    51 00000034 8D 85 FFFFFE24                  	LEA	EAX,DWORD [-476+EBP]
    52 0000003A 50                              	PUSH	EAX
    53 0000003B 68 00000080                     	PUSH	128
    54 00000040 68 [00000000]                   	PUSH	_mousefifo
    55 00000045 E8 [00000000]                   	CALL	_fifo8_init
    56 0000004A 68 000000F9                     	PUSH	249
    57 0000004F 6A 21                           	PUSH	33
    58 00000051 E8 [00000000]                   	CALL	_io_out8
    59 00000056 83 C4 20                        	ADD	ESP,32
    60 00000059 68 000000EF                     	PUSH	239
    61 0000005E 68 000000A1                     	PUSH	161
    62 00000063 E8 [00000000]                   	CALL	_io_out8
    63 00000068 E8 000001E7                     	CALL	_init_keyboard
    64 0000006D E8 [00000000]                   	CALL	_init_palette
    65 00000072 0F BF 05 00000FF6               	MOVSX	EAX,WORD [4086]
    66 00000079 50                              	PUSH	EAX
    67 0000007A 0F BF 05 00000FF4               	MOVSX	EAX,WORD [4084]
    68 00000081 50                              	PUSH	EAX
    69 00000082 FF 35 00000FF8                  	PUSH	DWORD [4088]
    70 00000088 E8 [00000000]                   	CALL	_init_screen8
    71 0000008D B9 00000002                     	MOV	ECX,2
    72 00000092 0F BF 05 00000FF4               	MOVSX	EAX,WORD [4084]
    73 00000099 8D 50 F0                        	LEA	EDX,DWORD [-16+EAX]
    74 0000009C 89 D0                           	MOV	EAX,EDX
    75 0000009E 99                              	CDQ
    76 0000009F F7 F9                           	IDIV	ECX
    77 000000A1 0F BF 15 00000FF6               	MOVSX	EDX,WORD [4086]
    78 000000A8 83 EA 2C                        	SUB	EDX,44
    79 000000AB 89 C7                           	MOV	EDI,EAX
    80 000000AD 89 D0                           	MOV	EAX,EDX
    81 000000AF 6A 0E                           	PUSH	14
    82 000000B1 99                              	CDQ
    83 000000B2 F7 F9                           	IDIV	ECX
    84 000000B4 53                              	PUSH	EBX
    85 000000B5 89 C6                           	MOV	ESI,EAX
    86 000000B7 E8 [00000000]                   	CALL	_init_mouse_cursor8
    87 000000BC 6A 10                           	PUSH	16
    88 000000BE 53                              	PUSH	EBX
    89 000000BF 8D 5D C4                        	LEA	EBX,DWORD [-60+EBP]
    90 000000C2 56                              	PUSH	ESI
    91 000000C3 57                              	PUSH	EDI
    92 000000C4 6A 10                           	PUSH	16
    93 000000C6 6A 10                           	PUSH	16
    94 000000C8 0F BF 05 00000FF4               	MOVSX	EAX,WORD [4084]
    95 000000CF 50                              	PUSH	EAX
    96 000000D0 FF 35 00000FF8                  	PUSH	DWORD [4088]
    97 000000D6 E8 [00000000]                   	CALL	_putblock8_8
    98 000000DB 83 C4 3C                        	ADD	ESP,60
    99 000000DE 56                              	PUSH	ESI
   100 000000DF 57                              	PUSH	EDI
   101 000000E0 68 [00000000]                   	PUSH	LC0
   102 000000E5 53                              	PUSH	EBX
   103 000000E6 E8 [00000000]                   	CALL	_sprintf
   104 000000EB 53                              	PUSH	EBX
   105 000000EC 6A 07                           	PUSH	7
   106 000000EE 6A 00                           	PUSH	0
   107 000000F0 6A 00                           	PUSH	0
   108 000000F2 0F BF 05 00000FF4               	MOVSX	EAX,WORD [4084]
   109 000000F9 50                              	PUSH	EAX
   110 000000FA FF 35 00000FF8                  	PUSH	DWORD [4088]
   111 00000100 E8 [00000000]                   	CALL	_putfonts8_asc
   112 00000105 8D 85 FFFFFE14                  	LEA	EAX,DWORD [-492+EBP]
   113 0000010B 83 C4 28                        	ADD	ESP,40
   114 0000010E 50                              	PUSH	EAX
   115 0000010F E8 00000161                     	CALL	_enable_mouse
   116 00000114 5F                              	POP	EDI
   117 00000115                                 L2:
   118 00000115 E8 [00000000]                   	CALL	_io_cli
   119 0000011A 68 [00000000]                   	PUSH	_keyfifo
   120 0000011F E8 [00000000]                   	CALL	_fifo8_status
   121 00000124 68 [00000000]                   	PUSH	_mousefifo
   122 00000129 89 C3                           	MOV	EBX,EAX
   123 0000012B E8 [00000000]                   	CALL	_fifo8_status
   124 00000130 8D 04 18                        	LEA	EAX,DWORD [EAX+EBX*1]
   125 00000133 5B                              	POP	EBX
   126 00000134 5E                              	POP	ESI
   127 00000135 85 C0                           	TEST	EAX,EAX
   128 00000137 0F 84 000000FB                  	JE	L12
   129 0000013D 68 [00000000]                   	PUSH	_keyfifo
   130 00000142 E8 [00000000]                   	CALL	_fifo8_status
   131 00000147 59                              	POP	ECX
   132 00000148 85 C0                           	TEST	EAX,EAX
   133 0000014A 0F 85 0000009F                  	JNE	L13
   134 00000150 68 [00000000]                   	PUSH	_mousefifo
   135 00000155 E8 [00000000]                   	CALL	_fifo8_status
   136 0000015A 5A                              	POP	EDX
   137 0000015B 85 C0                           	TEST	EAX,EAX
   138 0000015D 74 B6                           	JE	L2
   139 0000015F 68 [00000000]                   	PUSH	_mousefifo
   140 00000164 E8 [00000000]                   	CALL	_fifo8_get
   141 00000169 89 C3                           	MOV	EBX,EAX
   142 0000016B E8 [00000000]                   	CALL	_io_sti
   143 00000170 0F B6 C3                        	MOVZX	EAX,BL
   144 00000173 50                              	PUSH	EAX
   145 00000174 8D 85 FFFFFE14                  	LEA	EAX,DWORD [-492+EBP]
   146 0000017A 50                              	PUSH	EAX
   147 0000017B E8 00000123                     	CALL	_mouse_decode
   148 00000180 83 C4 0C                        	ADD	ESP,12
   149 00000183 85 C0                           	TEST	EAX,EAX
   150 00000185 74 8E                           	JE	L2
   151 00000187 0F B6 85 FFFFFE16               	MOVZX	EAX,BYTE [-490+EBP]
   152 0000018E 50                              	PUSH	EAX
   153 0000018F 8D 5D C4                        	LEA	EBX,DWORD [-60+EBP]
   154 00000192 0F B6 85 FFFFFE15               	MOVZX	EAX,BYTE [-491+EBP]
   155 00000199 50                              	PUSH	EAX
   156 0000019A 0F B6 85 FFFFFE14               	MOVZX	EAX,BYTE [-492+EBP]
   157 000001A1 50                              	PUSH	EAX
   158 000001A2 68 [00000009]                   	PUSH	LC2
   159 000001A7 53                              	PUSH	EBX
   160 000001A8 E8 [00000000]                   	CALL	_sprintf
   161 000001AD 6A 1F                           	PUSH	31
   162 000001AF 6A 5F                           	PUSH	95
   163 000001B1 6A 10                           	PUSH	16
   164 000001B3 6A 20                           	PUSH	32
   165 000001B5 6A 0E                           	PUSH	14
   166 000001B7 0F BF 05 00000FF4               	MOVSX	EAX,WORD [4084]
   167 000001BE 50                              	PUSH	EAX
   168 000001BF FF 35 00000FF8                  	PUSH	DWORD [4088]
   169 000001C5 E8 [00000000]                   	CALL	_boxfill8
   170 000001CA 83 C4 30                        	ADD	ESP,48
   171 000001CD 53                              	PUSH	EBX
   172 000001CE 6A 07                           	PUSH	7
   173 000001D0 6A 10                           	PUSH	16
   174 000001D2 6A 20                           	PUSH	32
   175 000001D4                                 L11:
   176 000001D4 0F BF 05 00000FF4               	MOVSX	EAX,WORD [4084]
   177 000001DB 50                              	PUSH	EAX
   178 000001DC FF 35 00000FF8                  	PUSH	DWORD [4088]
   179 000001E2 E8 [00000000]                   	CALL	_putfonts8_asc
   180 000001E7 83 C4 18                        	ADD	ESP,24
   181 000001EA E9 FFFFFF26                     	JMP	L2
   182 000001EF                                 L13:
   183 000001EF 68 [00000000]                   	PUSH	_keyfifo
   184 000001F4 E8 [00000000]                   	CALL	_fifo8_get
   185 000001F9 89 C3                           	MOV	EBX,EAX
   186 000001FB E8 [00000000]                   	CALL	_io_sti
   187 00000200 53                              	PUSH	EBX
   188 00000201 8D 5D C4                        	LEA	EBX,DWORD [-60+EBP]
   189 00000204 68 [00000018]                   	PUSH	LC1
   190 00000209 53                              	PUSH	EBX
   191 0000020A E8 [00000000]                   	CALL	_sprintf
   192 0000020F 6A 1F                           	PUSH	31
   193 00000211 6A 0F                           	PUSH	15
   194 00000213 6A 10                           	PUSH	16
   195 00000215 6A 00                           	PUSH	0
   196 00000217 6A 0E                           	PUSH	14
   197 00000219 0F BF 05 00000FF4               	MOVSX	EAX,WORD [4084]
   198 00000220 50                              	PUSH	EAX
   199 00000221 FF 35 00000FF8                  	PUSH	DWORD [4088]
   200 00000227 E8 [00000000]                   	CALL	_boxfill8
   201 0000022C 83 C4 2C                        	ADD	ESP,44
   202 0000022F 53                              	PUSH	EBX
   203 00000230 6A 07                           	PUSH	7
   204 00000232 6A 10                           	PUSH	16
   205 00000234 6A 00                           	PUSH	0
   206 00000236 EB 9C                           	JMP	L11
   207 00000238                                 L12:
   208 00000238 E8 [00000000]                   	CALL	_io_stihlt
   209 0000023D E9 FFFFFED3                     	JMP	L2
   210 00000242                                 	GLOBAL	_wait_KBC_sendready
   211 00000242                                 _wait_KBC_sendready:
   212 00000242 55                              	PUSH	EBP
   213 00000243 89 E5                           	MOV	EBP,ESP
   214 00000245                                 L15:
   215 00000245 6A 64                           	PUSH	100
   216 00000247 E8 [00000000]                   	CALL	_io_in8
   217 0000024C 5A                              	POP	EDX
   218 0000024D 83 E0 02                        	AND	EAX,2
   219 00000250 75 F3                           	JNE	L15
   220 00000252 C9                              	LEAVE
   221 00000253 C3                              	RET
   222 00000254                                 	GLOBAL	_init_keyboard
   223 00000254                                 _init_keyboard:
   224 00000254 55                              	PUSH	EBP
   225 00000255 89 E5                           	MOV	EBP,ESP
   226 00000257 E8 FFFFFFE6                     	CALL	_wait_KBC_sendready
   227 0000025C 6A 60                           	PUSH	96
   228 0000025E 6A 64                           	PUSH	100
   229 00000260 E8 [00000000]                   	CALL	_io_out8
   230 00000265 E8 FFFFFFD8                     	CALL	_wait_KBC_sendready
   231 0000026A 6A 47                           	PUSH	71
   232 0000026C 6A 60                           	PUSH	96
   233 0000026E E8 [00000000]                   	CALL	_io_out8
   234 00000273 C9                              	LEAVE
   235 00000274 C3                              	RET
   236 00000275                                 	GLOBAL	_enable_mouse
   237 00000275                                 _enable_mouse:
   238 00000275 55                              	PUSH	EBP
   239 00000276 89 E5                           	MOV	EBP,ESP
   240 00000278 E8 FFFFFFC5                     	CALL	_wait_KBC_sendready
   241 0000027D 68 000000D4                     	PUSH	212
   242 00000282 6A 64                           	PUSH	100
   243 00000284 E8 [00000000]                   	CALL	_io_out8
   244 00000289 E8 FFFFFFB4                     	CALL	_wait_KBC_sendready
   245 0000028E 68 000000F4                     	PUSH	244
   246 00000293 6A 60                           	PUSH	96
   247 00000295 E8 [00000000]                   	CALL	_io_out8
   248 0000029A 8B 45 08                        	MOV	EAX,DWORD [8+EBP]
   249 0000029D C6 40 03 00                     	MOV	BYTE [3+EAX],0
   250 000002A1 C9                              	LEAVE
   251 000002A2 C3                              	RET
   252 000002A3                                 	GLOBAL	_mouse_decode
   253 000002A3                                 _mouse_decode:
   254 000002A3 55                              	PUSH	EBP
   255 000002A4 89 E5                           	MOV	EBP,ESP
   256 000002A6 53                              	PUSH	EBX
   257 000002A7 8B 4D 08                        	MOV	ECX,DWORD [8+EBP]
   258 000002AA 8B 55 0C                        	MOV	EDX,DWORD [12+EBP]
   259 000002AD 8A 41 03                        	MOV	AL,BYTE [3+ECX]
   260 000002B0 84 C0                           	TEST	AL,AL
   261 000002B2 75 10                           	JNE	L22
   262 000002B4 80 FA FA                        	CMP	DL,-6
   263 000002B7 74 05                           	JE	L28
   264 000002B9                                 L27:
   265 000002B9 31 C0                           	XOR	EAX,EAX
   266 000002BB                                 L21:
   267 000002BB 5B                              	POP	EBX
   268 000002BC 5D                              	POP	EBP
   269 000002BD C3                              	RET
   270 000002BE                                 L28:
   271 000002BE C6 41 03 01                     	MOV	BYTE [3+ECX],1
   272 000002C2 EB F5                           	JMP	L27
   273 000002C4                                 L22:
   274 000002C4 3C 01                           	CMP	AL,1
   275 000002C6 74 24                           	JE	L29
   276 000002C8 3C 02                           	CMP	AL,2
   277 000002CA 74 17                           	JE	L30
   278 000002CC 3C 03                           	CMP	AL,3
   279 000002CE 74 05                           	JE	L31
   280 000002D0 83 C8 FF                        	OR	EAX,-1
   281 000002D3 EB E6                           	JMP	L21
   282 000002D5                                 L31:
   283 000002D5 B8 00000001                     	MOV	EAX,1
   284 000002DA 88 51 02                        	MOV	BYTE [2+ECX],DL
   285 000002DD C6 41 03 01                     	MOV	BYTE [3+ECX],1
   286 000002E1 EB D8                           	JMP	L21
   287 000002E3                                 L30:
   288 000002E3 88 51 01                        	MOV	BYTE [1+ECX],DL
   289 000002E6 C6 41 03 03                     	MOV	BYTE [3+ECX],3
   290 000002EA EB CD                           	JMP	L27
   291 000002EC                                 L29:
   292 000002EC 88 11                           	MOV	BYTE [ECX],DL
   293 000002EE C6 41 03 02                     	MOV	BYTE [3+ECX],2
   294 000002F2 EB C5                           	JMP	L27
